<?xml version="1.0" encoding="UTF-8"?>
<robot generator="Robot 7.4.2 (Python 3.12.6 on darwin)" generated="2026-09-14T19:35:32.579546" rpa="false" schemaversion="5">
<suite id="s1" name="Tests" source="tests">
<suite id="s1-s1" name="Accounts" source="tests/accounts">
<suite id="s1-s1-s1" name="Basics" source="tests/accounts/basics.robot">
<test id="s1-s1-s1-t1" name="New Account Starts Empty" line="10">
<kw name="Open Account" owner="bank.BankLibrary">
<arg>alice</arg>
<doc>Opens an empty account for ``owner``.</doc>
<status status="PASS" start="2026-09-14T19:35:32.599092" elapsed="0.000605"/>
</kw>
<kw name="Balance Should Be" owner="bank.BankLibrary">
<arg>alice</arg>
<arg>0</arg>
<doc>Fails unless the balance of ``owner`` equals ``expected``.</doc>
<status status="PASS" start="2026-09-14T19:35:32.599762" elapsed="0.000066"/>
</kw>
<tag>smoke</tag>
<status status="PASS" start="2026-09-14T19:35:32.598715" elapsed="0.001159"/>
</test>
<test id="s1-s1-s1-t2" name="Deposit Increases Balance" line="14">
<kw name="Open Account" owner="bank.BankLibrary">
<arg>alice</arg>
<doc>Opens an empty account for ``owner``.</doc>
<status status="PASS" start="2026-09-14T19:35:32.600062" elapsed="0.000092"/>
</kw>
<kw name="Deposit" owner="bank.BankLibrary">
<arg>alice</arg>
<arg>100</arg>
<doc>Adds ``amount`` to the account of ``owner``.</doc>
<status status="PASS" start="2026-09-14T19:35:32.600189" elapsed="0.000044"/>
</kw>
<kw name="Deposit" owner="bank.BankLibrary">
<arg>alice</arg>
<arg>50</arg>
<doc>Adds ``amount`` to the account of ``owner``.</doc>
<status status="PASS" start="2026-09-14T19:35:32.600266" elapsed="0.000040"/>
</kw>
<kw name="Balance Should Be" owner="bank.BankLibrary">
<arg>alice</arg>
<arg>150</arg>
<doc>Fails unless the balance of ``owner`` equals ``expected``.</doc>
<status status="PASS" start="2026-09-14T19:35:32.600336" elapsed="0.000034"/>
</kw>
<tag>smoke</tag>
<status status="PASS" start="2026-09-14T19:35:32.599949" elapsed="0.000541"/>
</test>
<test id="s1-s1-s1-t3" name="Transfer Moves Money Between Accounts" line="20">
<kw name="Open Funded Account" owner="banking">
<kw name="Open Account" owner="bank.BankLibrary">
<arg>${owner}</arg>
<arg>type=${type}</arg>
<doc>Opens an empty account for ``owner``.</doc>
<status status="PASS" start="2026-09-14T19:35:32.600985" elapsed="0.000176"/>
</kw>
<kw name="Deposit" owner="bank.BankLibrary">
<arg>${owner}</arg>
<arg>${amount}</arg>
<doc>Adds ``amount`` to the account of ``owner``.</doc>
<status status="PASS" start="2026-09-14T19:35:32.601207" elapsed="0.000065"/>
</kw>
<arg>alice</arg>
<arg>100</arg>
<doc>Opens an account for ``owner`` and deposits ``amount``.</doc>
<status status="PASS" start="2026-09-14T19:35:32.600831" elapsed="0.000474"/>
</kw>
<kw name="Open Account" owner="bank.BankLibrary">
<arg>bob</arg>
<arg>type=savings</arg>
<doc>Opens an empty account for ``owner``.</doc>
<status status="PASS" start="2026-09-14T19:35:32.601344" elapsed="0.000060"/>
</kw>
<kw name="Transfer" owner="bank.BankLibrary">
<arg>alice</arg>
<arg>bob</arg>
<arg>30</arg>
<doc>Moves ``amount`` from ``source`` to ``target``.</doc>
<status status="PASS" start="2026-09-14T19:35:32.601435" elapsed="0.000042"/>
</kw>
<kw name="Balance Should Be" owner="bank.BankLibrary">
<arg>alice</arg>
<arg>70</arg>
<doc>Fails unless the balance of ``owner`` equals ``expected``.</doc>
<status status="PASS" start="2026-09-14T19:35:32.601516" elapsed="0.000037"/>
</kw>
<kw name="Balance Should Be" owner="bank.BankLibrary">
<arg>bob</arg>
<arg>30</arg>
<doc>Fails unless the balance of ``owner`` equals ``expected``.</doc>
<status status="PASS" start="2026-09-14T19:35:32.601584" elapsed="0.000032"/>
</kw>
<tag>smoke</tag>
<status status="PASS" start="2026-09-14T19:35:32.600608" elapsed="0.001044"/>
</test>
<doc>Everyday banking: opening accounts, deposits and transfers.</doc>
<status status="PASS" start="2026-09-14T19:35:32.594033" elapsed="0.007785"/>
</suite>
<suite id="s1-s1-s2" name="Overdraft" source="tests/accounts/overdraft.robot">
<test id="s1-s1-s2-t1" name="Checking Account Can Be Overdrawn" line="10">
<kw name="Open Funded Account" owner="banking">
<kw name="Open Account" owner="bank.BankLibrary">
<arg>${owner}</arg>
<arg>type=${type}</arg>
<doc>Opens an empty account for ``owner``.</doc>
<status status="PASS" start="2026-09-14T19:35:32.603136" elapsed="0.000125"/>
</kw>
<kw name="Deposit" owner="bank.BankLibrary">
<arg>${owner}</arg>
<arg>${amount}</arg>
<doc>Adds ``amount`` to the account of ``owner``.</doc>
<status status="PASS" start="2026-09-14T19:35:32.603296" elapsed="0.000056"/>
</kw>
<arg>alice</arg>
<arg>20</arg>
<doc>Opens an account for ``owner`` and deposits ``amount``.</doc>
<status status="PASS" start="2026-09-14T19:35:32.603023" elapsed="0.000352"/>
</kw>
<kw name="Withdraw Within Limit" owner="banking">
<kw name="Get Balance" owner="bank.BankLibrary">
<msg time="2026-09-14T19:35:32.603604" level="INFO">${balance} = 20</msg>
<var>${balance}</var>
<arg>${owner}</arg>
<doc>Returns the current balance of ``owner``.</doc>
<status status="PASS" start="2026-09-14T19:35:32.603542" elapsed="0.000077"/>
</kw>
<kw name="Get Limit" owner="bank.BankLibrary">
<msg time="2026-09-14T19:35:32.603705" level="INFO">${limit} = 100</msg>
<var>${limit}</var>
<arg>${owner}</arg>
<doc>Returns the overdraft limit of ``owner`` (always 0 for savings accounts).</doc>
<status status="PASS" start="2026-09-14T19:35:32.603651" elapsed="0.000066"/>
</kw>
<kw name="Evaluate" owner="BuiltIn">
<msg time="2026-09-14T19:35:32.604044" level="INFO">${available} = 120</msg>
<var>${available}</var>
<arg>${balance} + ${limit}</arg>
<doc>Evaluates the given expression in Python and returns the result.</doc>
<status status="PASS" start="2026-09-14T19:35:32.603749" elapsed="0.000305"/>
</kw>
<if>
<branch type="IF" condition="${amount} &gt; ${available}">
<kw name="Fail" owner="BuiltIn">
<arg>Withdrawal refused for ${owner}: overdraft limit exceeded.</arg>
<doc>Fails the test with the given message and optionally alters its tags.</doc>
<status status="NOT RUN" start="2026-09-14T19:35:32.604243" elapsed="0.000012"/>
</kw>
<status status="NOT RUN" start="2026-09-14T19:35:32.604102" elapsed="0.000170"/>
</branch>
<status status="PASS" start="2026-09-14T19:35:32.604083" elapsed="0.000203"/>
</if>
<kw name="Withdraw" owner="bank.BankLibrary">
<arg>${owner}</arg>
<arg>${amount}</arg>
<doc>Takes ``amount`` from the account of ``owner``. Fails if the overdraft limit would be exceeded.</doc>
<status status="PASS" start="2026-09-14T19:35:32.604319" elapsed="0.000079"/>
</kw>
<arg>alice</arg>
<arg>50</arg>
<doc>Withdraws ``amount`` unless it exceeds the balance plus the overdraft limit.</doc>
<status status="PASS" start="2026-09-14T19:35:32.603459" elapsed="0.000964"/>
</kw>
<kw name="Balance Should Be" owner="bank.BankLibrary">
<arg>alice</arg>
<arg>-30</arg>
<doc>Fails unless the balance of ``owner`` equals ``expected``.</doc>
<status status="PASS" start="2026-09-14T19:35:32.604458" elapsed="0.000045"/>
</kw>
<tag>regression</tag>
<status status="PASS" start="2026-09-14T19:35:32.602863" elapsed="0.001679"/>
</test>
<test id="s1-s1-s2-t2" name="Withdraw Exactly Up To The Limit" line="15">
<kw name="Open Funded Account" owner="banking">
<kw name="Open Account" owner="bank.BankLibrary">
<arg>${owner}</arg>
<arg>type=${type}</arg>
<doc>Opens an empty account for ``owner``.</doc>
<status status="PASS" start="2026-09-14T19:35:32.604850" elapsed="0.000130"/>
</kw>
<kw name="Deposit" owner="bank.BankLibrary">
<arg>${owner}</arg>
<arg>${amount}</arg>
<doc>Adds ``amount`` to the account of ``owner``.</doc>
<status status="PASS" start="2026-09-14T19:35:32.605013" elapsed="0.000055"/>
</kw>
<arg>alice</arg>
<arg>50</arg>
<doc>Opens an account for ``owner`` and deposits ``amount``.</doc>
<status status="PASS" start="2026-09-14T19:35:32.604753" elapsed="0.000337"/>
</kw>
<kw name="Withdraw Within Limit" owner="banking">
<kw name="Get Balance" owner="bank.BankLibrary">
<msg time="2026-09-14T19:35:32.605465" level="INFO">${balance} = 50</msg>
<var>${balance}</var>
<arg>${owner}</arg>
<doc>Returns the current balance of ``owner``.</doc>
<status status="PASS" start="2026-09-14T19:35:32.605408" elapsed="0.000069"/>
</kw>
<kw name="Get Limit" owner="bank.BankLibrary">
<msg time="2026-09-14T19:35:32.605557" level="INFO">${limit} = 100</msg>
<var>${limit}</var>
<arg>${owner}</arg>
<doc>Returns the overdraft limit of ``owner`` (always 0 for savings accounts).</doc>
<status status="PASS" start="2026-09-14T19:35:32.605508" elapsed="0.000057"/>
</kw>
<kw name="Evaluate" owner="BuiltIn">
<msg time="2026-09-14T19:35:32.605737" level="INFO">${available} = 150</msg>
<var>${available}</var>
<arg>${balance} + ${limit}</arg>
<doc>Evaluates the given expression in Python and returns the result.</doc>
<status status="PASS" start="2026-09-14T19:35:32.605597" elapsed="0.000150"/>
</kw>
<if>
<branch type="IF" condition="${amount} &gt; ${available}">
<kw name="Fail" owner="BuiltIn">
<arg>Withdrawal refused for ${owner}: overdraft limit exceeded.</arg>
<doc>Fails the test with the given message and optionally alters its tags.</doc>
<status status="NOT RUN" start="2026-09-14T19:35:32.605843" elapsed="0.000008"/>
</kw>
<status status="NOT RUN" start="2026-09-14T19:35:32.605777" elapsed="0.000086"/>
</branch>
<status status="PASS" start="2026-09-14T19:35:32.605767" elapsed="0.000106"/>
</if>
<kw name="Withdraw" owner="bank.BankLibrary">
<arg>${owner}</arg>
<arg>${amount}</arg>
<doc>Takes ``amount`` from the account of ``owner``. Fails if the overdraft limit would be exceeded.</doc>
<status status="PASS" start="2026-09-14T19:35:32.605900" elapsed="0.000059"/>
</kw>
<arg>alice</arg>
<arg>150</arg>
<doc>Withdraws ``amount`` unless it exceeds the balance plus the overdraft limit.</doc>
<status status="PASS" start="2026-09-14T19:35:32.605320" elapsed="0.000662"/>
</kw>
<kw name="Balance Should Be" owner="bank.BankLibrary">
<arg>alice</arg>
<arg>-100</arg>
<doc>Fails unless the balance of ``owner`` equals ``expected``.</doc>
<status status="PASS" start="2026-09-14T19:35:32.606014" elapsed="0.000037"/>
</kw>
<tag>regression</tag>
<status status="PASS" start="2026-09-14T19:35:32.604614" elapsed="0.001475"/>
</test>
<test id="s1-s1-s2-t3" name="Checking Account Cannot Exceed The Limit" line="20">
<kw name="Open Funded Account" owner="banking">
<kw name="Open Account" owner="bank.BankLibrary">
<arg>${owner}</arg>
<arg>type=${type}</arg>
<doc>Opens an empty account for ``owner``.</doc>
<status status="PASS" start="2026-09-14T19:35:32.606385" elapsed="0.000248"/>
</kw>
<kw name="Deposit" owner="bank.BankLibrary">
<arg>${owner}</arg>
<arg>${amount}</arg>
<doc>Adds ``amount`` to the account of ``owner``.</doc>
<status status="PASS" start="2026-09-14T19:35:32.606685" elapsed="0.000059"/>
</kw>
<arg>alice</arg>
<arg>50</arg>
<doc>Opens an account for ``owner`` and deposits ``amount``.</doc>
<status status="PASS" start="2026-09-14T19:35:32.606294" elapsed="0.000473"/>
</kw>
<kw name="Run Keyword And Expect Error" owner="BuiltIn">
<kw name="Withdraw Within Limit" owner="banking">
<kw name="Get Balance" owner="bank.BankLibrary">
<msg time="2026-09-14T19:35:32.607123" level="INFO">${balance} = 50</msg>
<var>${balance}</var>
<arg>${owner}</arg>
<doc>Returns the current balance of ``owner``.</doc>
<status status="PASS" start="2026-09-14T19:35:32.607069" elapsed="0.000064"/>
</kw>
<kw name="Get Limit" owner="bank.BankLibrary">
<msg time="2026-09-14T19:35:32.607208" level="INFO">${limit} = 100</msg>
<var>${limit}</var>
<arg>${owner}</arg>
<doc>Returns the overdraft limit of ``owner`` (always 0 for savings accounts).</doc>
<status status="PASS" start="2026-09-14T19:35:32.607163" elapsed="0.000053"/>
</kw>
<kw name="Evaluate" owner="BuiltIn">
<msg time="2026-09-14T19:35:32.607364" level="INFO">${available} = 150</msg>
<var>${available}</var>
<arg>${balance} + ${limit}</arg>
<doc>Evaluates the given expression in Python and returns the result.</doc>
<status status="PASS" start="2026-09-14T19:35:32.607245" elapsed="0.000128"/>
</kw>
<if>
<branch type="IF" condition="${amount} &gt; ${available}">
<kw name="Fail" owner="BuiltIn">
<msg time="2026-09-14T19:35:32.607589" level="FAIL">Withdrawal refused for alice: overdraft limit exceeded.</msg>
<arg>Withdrawal refused for ${owner}: overdraft limit exceeded.</arg>
<doc>Fails the test with the given message and optionally alters its tags.</doc>
<status status="FAIL" start="2026-09-14T19:35:32.607465" elapsed="0.000160">Withdrawal refused for alice: overdraft limit exceeded.</status>
</kw>
<status status="FAIL" start="2026-09-14T19:35:32.607401" elapsed="0.000252">Withdrawal refused for alice: overdraft limit exceeded.</status>
</branch>
<status status="FAIL" start="2026-09-14T19:35:32.607392" elapsed="0.000275">Withdrawal refused for alice: overdraft limit exceeded.</status>
</if>
<kw name="Withdraw" owner="bank.BankLibrary">
<arg>${owner}</arg>
<arg>${amount}</arg>
<doc>Takes ``amount`` from the account of ``owner``. Fails if the overdraft limit would be exceeded.</doc>
<status status="NOT RUN" start="2026-09-14T19:35:32.607701" elapsed="0.000007"/>
</kw>
<arg>alice</arg>
<arg>151</arg>
<doc>Withdraws ``amount`` unless it exceeds the balance plus the overdraft limit.</doc>
<status status="FAIL" start="2026-09-14T19:35:32.606978" elapsed="0.000767">Withdrawal refused for alice: overdraft limit exceeded.</status>
</kw>
<arg>Withdrawal refused for alice*</arg>
<arg>Withdraw Within Limit</arg>
<arg>alice</arg>
<arg>151</arg>
<doc>Runs the keyword and checks that the expected error occurred.</doc>
<status status="PASS" start="2026-09-14T19:35:32.606808" elapsed="0.001035"/>
</kw>
<kw name="Balance Should Be" owner="bank.BankLibrary">
<arg>alice</arg>
<arg>50</arg>
<doc>Fails unless the balance of ``owner`` equals ``expected``.</doc>
<status status="PASS" start="2026-09-14T19:35:32.607945" elapsed="0.000047"/>
</kw>
<tag>regression</tag>
<status status="PASS" start="2026-09-14T19:35:32.606154" elapsed="0.001879"/>
</test>
<test id="s1-s1-s2-t4" name="Savings Account Cannot Be Overdrawn" line="26">
<kw name="Open Account" owner="bank.BankLibrary">
<arg>carol</arg>
<arg>type=savings</arg>
<doc>Opens an empty account for ``owner``.</doc>
<status status="PASS" start="2026-09-14T19:35:32.608331" elapsed="0.000166"/>
</kw>
<kw name="Withdrawal Should Fail" owner="bank.BankLibrary">
<arg>carol</arg>
<arg>1</arg>
<doc>Fails if withdrawing ``amount`` from ``owner`` succeeds.</doc>
<status status="PASS" start="2026-09-14T19:35:32.608553" elapsed="0.000061"/>
</kw>
<tag>regression</tag>
<tag>smoke</tag>
<status status="PASS" start="2026-09-14T19:35:32.608132" elapsed="0.000531"/>
</test>
<test id="s1-s1-s2-t5" name="Many Small Withdrawals" line="31">
<kw name="Open Funded Account" owner="banking">
<kw name="Open Account" owner="bank.BankLibrary">
<arg>${owner}</arg>
<arg>type=${type}</arg>
<doc>Opens an empty account for ``owner``.</doc>
<status status="PASS" start="2026-09-14T19:35:32.609116" elapsed="0.000128"/>
</kw>
<kw name="Deposit" owner="bank.BankLibrary">
<arg>${owner}</arg>
<arg>${amount}</arg>
<doc>Adds ``amount`` to the account of ``owner``.</doc>
<status status="PASS" start="2026-09-14T19:35:32.609280" elapsed="0.000072"/>
</kw>
<arg>dave</arg>
<arg>50</arg>
<doc>Opens an account for ``owner`` and deposits ``amount``.</doc>
<status status="PASS" start="2026-09-14T19:35:32.608874" elapsed="0.000503"/>
</kw>
<for flavor="IN RANGE">
<iter>
<kw name="Withdraw Within Limit" owner="banking">
<kw name="Get Balance" owner="bank.BankLibrary">
<msg time="2026-09-14T19:35:32.609725" level="INFO">${balance} = 50</msg>
<var>${balance}</var>
<arg>${owner}</arg>
<doc>Returns the current balance of ``owner``.</doc>
<status status="PASS" start="2026-09-14T19:35:32.609666" elapsed="0.000070"/>
</kw>
<kw name="Get Limit" owner="bank.BankLibrary">
<msg time="2026-09-14T19:35:32.609819" level="INFO">${limit} = 100</msg>
<var>${limit}</var>
<arg>${owner}</arg>
<doc>Returns the overdraft limit of ``owner`` (always 0 for savings accounts).</doc>
<status status="PASS" start="2026-09-14T19:35:32.609767" elapsed="0.000060"/>
</kw>
<kw name="Evaluate" owner="BuiltIn">
<msg time="2026-09-14T19:35:32.610083" level="INFO">${available} = 150</msg>
<var>${available}</var>
<arg>${balance} + ${limit}</arg>
<doc>Evaluates the given expression in Python and returns the result.</doc>
<status status="PASS" start="2026-09-14T19:35:32.609938" elapsed="0.000155"/>
</kw>
<if>
<branch type="IF" condition="${amount} &gt; ${available}">
<kw name="Fail" owner="BuiltIn">
<arg>Withdrawal refused for ${owner}: overdraft limit exceeded.</arg>
<doc>Fails the test with the given message and optionally alters its tags.</doc>
<status status="NOT RUN" start="2026-09-14T19:35:32.610181" elapsed="0.000007"/>
</kw>
<status status="NOT RUN" start="2026-09-14T19:35:32.610121" elapsed="0.000078"/>
</branch>
<status status="PASS" start="2026-09-14T19:35:32.610113" elapsed="0.000095"/>
</if>
<kw name="Withdraw" owner="bank.BankLibrary">
<arg>${owner}</arg>
<arg>${amount}</arg>
<doc>Takes ``amount`` from the account of ``owner``. Fails if the overdraft limit would be exceeded.</doc>
<status status="PASS" start="2026-09-14T19:35:32.610232" elapsed="0.000056"/>
</kw>
<arg>dave</arg>
<arg>1</arg>
<doc>Withdraws ``amount`` unless it exceeds the balance plus the overdraft limit.</doc>
<status status="PASS" start="2026-09-14T19:35:32.609574" elapsed="0.000735"/>
</kw>
<kw name="Sleep" owner="BuiltIn">
<msg time="2026-09-14T19:35:32.623002" level="INFO">Slept 10 milliseconds.</msg>
<arg>10ms</arg>
<doc>Pauses the test executed for the given time.</doc>
<status status="PASS" start="2026-09-14T19:35:32.610339" elapsed="0.012733"/>
</kw>
<var name="${_}">0</var>
<status status="PASS" start="2026-09-14T19:35:32.609499" elapsed="0.013602"/>
</iter>
<iter>
<kw name="Withdraw Within Limit" owner="banking">
<kw name="Get Balance" owner="bank.BankLibrary">
<msg time="2026-09-14T19:35:32.623617" level="INFO">${balance} = 49</msg>
<var>${balance}</var>
<arg>${owner}</arg>
<doc>Returns the current balance of ``owner``.</doc>
<status status="PASS" start="2026-09-14T19:35:32.623533" elapsed="0.000096"/>
</kw>
<kw name="Get Limit" owner="bank.BankLibrary">
<msg time="2026-09-14T19:35:32.623712" level="INFO">${limit} = 100</msg>
<var>${limit}</var>
<arg>${owner}</arg>
<doc>Returns the overdraft limit of ``owner`` (always 0 for savings accounts).</doc>
<status status="PASS" start="2026-09-14T19:35:32.623665" elapsed="0.000056"/>
</kw>
<kw name="Evaluate" owner="BuiltIn">
<msg time="2026-09-14T19:35:32.623908" level="INFO">${available} = 149</msg>
<var>${available}</var>
<arg>${balance} + ${limit}</arg>
<doc>Evaluates the given expression in Python and returns the result.</doc>
<status status="PASS" start="2026-09-14T19:35:32.623756" elapsed="0.000161"/>
</kw>
<if>
<branch type="IF" condition="${amount} &gt; ${available}">
<kw name="Fail" owner="BuiltIn">
<arg>Withdrawal refused for ${owner}: overdraft limit exceeded.</arg>
<doc>Fails the test with the given message and optionally alters its tags.</doc>
<status status="NOT RUN" start="2026-09-14T19:35:32.624013" elapsed="0.000006"/>
</kw>
<status status="NOT RUN" start="2026-09-14T19:35:32.623949" elapsed="0.000081"/>
</branch>
<status status="PASS" start="2026-09-14T19:35:32.623939" elapsed="0.000101"/>
</if>
<kw name="Withdraw" owner="bank.BankLibrary">
<arg>${owner}</arg>
<arg>${amount}</arg>
<doc>Takes ``amount`` from the account of ``owner``. Fails if the overdraft limit would be exceeded.</doc>
<status status="PASS" start="2026-09-14T19:35:32.624065" elapsed="0.000057"/>
</kw>
<arg>dave</arg>
<arg>1</arg>
<doc>Withdraws ``amount`` unless it exceeds the balance plus the overdraft limit.</doc>
<status status="PASS" start="2026-09-14T19:35:32.623319" elapsed="0.000824"/>
</kw>
<kw name="Sleep" owner="BuiltIn">
<msg time="2026-09-14T19:35:32.636821" level="INFO">Slept 10 milliseconds.</msg>
<arg>10ms</arg>
<doc>Pauses the test executed for the given time.</doc>
<status status="PASS" start="2026-09-14T19:35:32.624173" elapsed="0.012708"/>
</kw>
<var name="${_}">1</var>
<status status="PASS" start="2026-09-14T19:35:32.623192" elapsed="0.013715"/>
</iter>
<iter>
<kw name="Withdraw Within Limit" owner="banking">
<kw name="Get Balance" owner="bank.BankLibrary">
<msg time="2026-09-14T19:35:32.637360" level="INFO">${balance} = 48</msg>
<var>${balance}</var>
<arg>${owner}</arg>
<doc>Returns the current balance of ``owner``.</doc>
<status status="PASS" start="2026-09-14T19:35:32.637273" elapsed="0.000098"/>
</kw>
<kw name="Get Limit" owner="bank.BankLibrary">
<msg time="2026-09-14T19:35:32.637464" level="INFO">${limit} = 100</msg>
<var>${limit}</var>
<arg>${owner}</arg>
<doc>Returns the overdraft limit of ``owner`` (always 0 for savings accounts).</doc>
<status status="PASS" start="2026-09-14T19:35:32.637409" elapsed="0.000064"/>
</kw>
<kw name="Evaluate" owner="BuiltIn">
<msg time="2026-09-14T19:35:32.637705" level="INFO">${available} = 148</msg>
<var>${available}</var>
<arg>${balance} + ${limit}</arg>
<doc>Evaluates the given expression in Python and returns the result.</doc>
<status status="PASS" start="2026-09-14T19:35:32.637511" elapsed="0.000204"/>
</kw>
<if>
<branch type="IF" condition="${amount} &gt; ${available}">
<kw name="Fail" owner="BuiltIn">
<arg>Withdrawal refused for ${owner}: overdraft limit exceeded.</arg>
<doc>Fails the test with the given message and optionally alters its tags.</doc>
<status status="NOT RUN" start="2026-09-14T19:35:32.637831" elapsed="0.000008"/>
</kw>
<status status="NOT RUN" start="2026-09-14T19:35:32.637751" elapsed="0.000101"/>
</branch>
<status status="PASS" start="2026-09-14T19:35:32.637739" elapsed="0.000126"/>
</if>
<kw name="Withdraw" owner="bank.BankLibrary">
<arg>${owner}</arg>
<arg>${amount}</arg>
<doc>Takes ``amount`` from the account of ``owner``. Fails if the overdraft limit would be exceeded.</doc>
<status status="PASS" start="2026-09-14T19:35:32.637895" elapsed="0.000074"/>
</kw>
<arg>dave</arg>
<arg>1</arg>
<doc>Withdraws ``amount`` unless it exceeds the balance plus the overdraft limit.</doc>
<status status="PASS" start="2026-09-14T19:35:32.637118" elapsed="0.000878"/>
</kw>
<kw name="Sleep" owner="BuiltIn">
<msg time="2026-09-14T19:35:32.648827" level="INFO">Slept 10 milliseconds.</msg>
<arg>10ms</arg>
<doc>Pauses the test executed for the given time.</doc>
<status status="PASS" start="2026-09-14T19:35:32.638035" elapsed="0.010983"/>
</kw>
<var name="${_}">2</var>
<status status="PASS" start="2026-09-14T19:35:32.637000" elapsed="0.012057"/>
</iter>
<iter>
<kw name="Withdraw Within Limit" owner="banking">
<kw name="Get Balance" owner="bank.BankLibrary">
<msg time="2026-09-14T19:35:32.649492" level="INFO">${balance} = 47</msg>
<var>${balance}</var>
<arg>${owner}</arg>
<doc>Returns the current balance of ``owner``.</doc>
<status status="PASS" start="2026-09-14T19:35:32.649413" elapsed="0.000090"/>
</kw>
<kw name="Get Limit" owner="bank.BankLibrary">
<msg time="2026-09-14T19:35:32.649588" level="INFO">${limit} = 100</msg>
<var>${limit}</var>
<arg>${owner}</arg>
<doc>Returns the overdraft limit of ``owner`` (always 0 for savings accounts).</doc>
<status status="PASS" start="2026-09-14T19:35:32.649537" elapsed="0.000060"/>
</kw>
<kw name="Evaluate" owner="BuiltIn">
<msg time="2026-09-14T19:35:32.649819" level="INFO">${available} = 147</msg>
<var>${available}</var>
<arg>${balance} + ${limit}</arg>
<doc>Evaluates the given expression in Python and returns the result.</doc>
<status status="PASS" start="2026-09-14T19:35:32.649632" elapsed="0.000197"/>
</kw>
<if>
<branch type="IF" condition="${amount} &gt; ${available}">
<kw name="Fail" owner="BuiltIn">
<arg>Withdrawal refused for ${owner}: overdraft limit exceeded.</arg>
<doc>Fails the test with the given message and optionally alters its tags.</doc>
<status status="NOT RUN" start="2026-09-14T19:35:32.649933" elapsed="0.000007"/>
</kw>
<status status="NOT RUN" start="2026-09-14T19:35:32.649862" elapsed="0.000090"/>
</branch>
<status status="PASS" start="2026-09-14T19:35:32.649851" elapsed="0.000111"/>
</if>
<kw name="Withdraw" owner="bank.BankLibrary">
<arg>${owner}</arg>
<arg>${amount}</arg>
<doc>Takes ``amount`` from the account of ``owner``. Fails if the overdraft limit would be exceeded.</doc>
<status status="PASS" start="2026-09-14T19:35:32.649989" elapsed="0.000063"/>
</kw>
<arg>dave</arg>
<arg>1</arg>
<doc>Withdraws ``amount`` unless it exceeds the balance plus the overdraft limit.</doc>
<status status="PASS" start="2026-09-14T19:35:32.649267" elapsed="0.000885"/>
</kw>
<kw name="Sleep" owner="BuiltIn">
<msg time="2026-09-14T19:35:32.662704" level="INFO">Slept 10 milliseconds.</msg>
<arg>10ms</arg>
<doc>Pauses the test executed for the given time.</doc>
<status status="PASS" start="2026-09-14T19:35:32.650186" elapsed="0.012626"/>
</kw>
<var name="${_}">3</var>
<status status="PASS" start="2026-09-14T19:35:32.649153" elapsed="0.013690"/>
</iter>
<iter>
<kw name="Withdraw Within Limit" owner="banking">
<kw name="Get Balance" owner="bank.BankLibrary">
<msg time="2026-09-14T19:35:32.663259" level="INFO">${balance} = 46</msg>
<var>${balance}</var>
<arg>${owner}</arg>
<doc>Returns the current balance of ``owner``.</doc>
<status status="PASS" start="2026-09-14T19:35:32.663181" elapsed="0.000089"/>
</kw>
<kw name="Get Limit" owner="bank.BankLibrary">
<msg time="2026-09-14T19:35:32.663359" level="INFO">${limit} = 100</msg>
<var>${limit}</var>
<arg>${owner}</arg>
<doc>Returns the overdraft limit of ``owner`` (always 0 for savings accounts).</doc>
<status status="PASS" start="2026-09-14T19:35:32.663305" elapsed="0.000063"/>
</kw>
<kw name="Evaluate" owner="BuiltIn">
<msg time="2026-09-14T19:35:32.663580" level="INFO">${available} = 146</msg>
<var>${available}</var>
<arg>${balance} + ${limit}</arg>
<doc>Evaluates the given expression in Python and returns the result.</doc>
<status status="PASS" start="2026-09-14T19:35:32.663403" elapsed="0.000187"/>
</kw>
<if>
<branch type="IF" condition="${amount} &gt; ${available}">
<kw name="Fail" owner="BuiltIn">
<arg>Withdrawal refused for ${owner}: overdraft limit exceeded.</arg>
<doc>Fails the test with the given message and optionally alters its tags.</doc>
<status status="NOT RUN" start="2026-09-14T19:35:32.663696" elapsed="0.000008"/>
</kw>
<status status="NOT RUN" start="2026-09-14T19:35:32.663625" elapsed="0.000091"/>
</branch>
<status status="PASS" start="2026-09-14T19:35:32.663614" elapsed="0.000112"/>
</if>
<kw name="Withdraw" owner="bank.BankLibrary">
<arg>${owner}</arg>
<arg>${amount}</arg>
<doc>Takes ``amount`` from the account of ``owner``. Fails if the overdraft limit would be exceeded.</doc>
<status status="PASS" start="2026-09-14T19:35:32.663754" elapsed="0.000064"/>
</kw>
<arg>dave</arg>
<arg>1</arg>
<doc>Withdraws ``amount`` unless it exceeds the balance plus the overdraft limit.</doc>
<status status="PASS" start="2026-09-14T19:35:32.663042" elapsed="0.000799"/>
</kw>
<kw name="Sleep" owner="BuiltIn">
<msg time="2026-09-14T19:35:32.676597" level="INFO">Slept 10 milliseconds.</msg>
<arg>10ms</arg>
<doc>Pauses the test executed for the given time.</doc>
<status status="PASS" start="2026-09-14T19:35:32.663871" elapsed="0.012790"/>
</kw>
<var name="${_}">4</var>
<status status="PASS" start="2026-09-14T19:35:32.662924" elapsed="0.013763"/>
</iter>
<iter>
<kw name="Withdraw Within Limit" owner="banking">
<kw name="Get Balance" owner="bank.BankLibrary">
<msg time="2026-09-14T19:35:32.677114" level="INFO">${balance} = 45</msg>
<var>${balance}</var>
<arg>${owner}</arg>
<doc>Returns the current balance of ``owner``.</doc>
<status status="PASS" start="2026-09-14T19:35:32.677031" elapsed="0.000095"/>
</kw>
<kw name="Get Limit" owner="bank.BankLibrary">
<msg time="2026-09-14T19:35:32.677227" level="INFO">${limit} = 100</msg>
<var>${limit}</var>
<arg>${owner}</arg>
<doc>Returns the overdraft limit of ``owner`` (always 0 for savings accounts).</doc>
<status status="PASS" start="2026-09-14T19:35:32.677166" elapsed="0.000071"/>
</kw>
<kw name="Evaluate" owner="BuiltIn">
<msg time="2026-09-14T19:35:32.677460" level="INFO">${available} = 145</msg>
<var>${available}</var>
<arg>${balance} + ${limit}</arg>
<doc>Evaluates the given expression in Python and returns the result.</doc>
<status status="PASS" start="2026-09-14T19:35:32.677277" elapsed="0.000194"/>
</kw>
<if>
<branch type="IF" condition="${amount} &gt; ${available}">
<kw name="Fail" owner="BuiltIn">
<arg>Withdrawal refused for ${owner}: overdraft limit exceeded.</arg>
<doc>Fails the test with the given message and optionally alters its tags.</doc>
<status status="NOT RUN" start="2026-09-14T19:35:32.677587" elapsed="0.000008"/>
</kw>
<status status="NOT RUN" start="2026-09-14T19:35:32.677507" elapsed="0.000102"/>
</branch>
<status status="PASS" start="2026-09-14T19:35:32.677496" elapsed="0.000125"/>
</if>
<kw name="Withdraw" owner="bank.BankLibrary">
<arg>${owner}</arg>
<arg>${amount}</arg>
<doc>Takes ``amount`` from the account of ``owner``. Fails if the overdraft limit would be exceeded.</doc>
<status status="PASS" start="2026-09-14T19:35:32.677652" elapsed="0.000070"/>
</kw>
<arg>dave</arg>
<arg>1</arg>
<doc>Withdraws ``amount`` unless it exceeds the balance plus the overdraft limit.</doc>
<status status="PASS" start="2026-09-14T19:35:32.676882" elapsed="0.000866"/>
</kw>
<kw name="Sleep" owner="BuiltIn">
<msg time="2026-09-14T19:35:32.690455" level="INFO">Slept 10 milliseconds.</msg>
<arg>10ms</arg>
<doc>Pauses the test executed for the given time.</doc>
<status status="PASS" start="2026-09-14T19:35:32.677785" elapsed="0.012729"/>
</kw>
<var name="${_}">5</var>
<status status="PASS" start="2026-09-14T19:35:32.676766" elapsed="0.013776"/>
</iter>
<iter>
<kw name="Withdraw Within Limit" owner="banking">
<kw name="Get Balance" owner="bank.BankLibrary">
<msg time="2026-09-14T19:35:32.690967" level="INFO">${balance} = 44</msg>
<var>${balance}</var>
<arg>${owner}</arg>
<doc>Returns the current balance of ``owner``.</doc>
<status status="PASS" start="2026-09-14T19:35:32.690876" elapsed="0.000101"/>
</kw>
<kw name="Get Limit" owner="bank.BankLibrary">
<msg time="2026-09-14T19:35:32.691066" level="INFO">${limit} = 100</msg>
<var>${limit}</var>
<arg>${owner}</arg>
<doc>Returns the overdraft limit of ``owner`` (always 0 for savings accounts).</doc>
<status status="PASS" start="2026-09-14T19:35:32.691014" elapsed="0.000062"/>
</kw>
<kw name="Evaluate" owner="BuiltIn">
<msg time="2026-09-14T19:35:32.691285" level="INFO">${available} = 144</msg>
<var>${available}</var>
<arg>${balance} + ${limit}</arg>
<doc>Evaluates the given expression in Python and returns the result.</doc>
<status status="PASS" start="2026-09-14T19:35:32.691115" elapsed="0.000180"/>
</kw>
<if>
<branch type="IF" condition="${amount} &gt; ${available}">
<kw name="Fail" owner="BuiltIn">
<arg>Withdrawal refused for ${owner}: overdraft limit exceeded.</arg>
<doc>Fails the test with the given message and optionally alters its tags.</doc>
<status status="NOT RUN" start="2026-09-14T19:35:32.691405" elapsed="0.000008"/>
</kw>
<status status="NOT RUN" start="2026-09-14T19:35:32.691328" elapsed="0.000097"/>
</branch>
<status status="PASS" start="2026-09-14T19:35:32.691317" elapsed="0.000119"/>
</if>
<kw name="Withdraw" owner="bank.BankLibrary">
<arg>${owner}</arg>
<arg>${amount}</arg>
<doc>Takes ``amount`` from the account of ``owner``. Fails if the overdraft limit would be exceeded.</doc>
<status status="PASS" start="2026-09-14T19:35:32.691465" elapsed="0.000071"/>
</kw>
<arg>dave</arg>
<arg>1</arg>
<doc>Withdraws ``amount`` unless it exceeds the balance plus the overdraft limit.</doc>
<status status="PASS" start="2026-09-14T19:35:32.690730" elapsed="0.000833"/>
</kw>
<kw name="Sleep" owner="BuiltIn">
<msg time="2026-09-14T19:35:32.702907" level="INFO">Slept 10 milliseconds.</msg>
<arg>10ms</arg>
<doc>Pauses the test executed for the given time.</doc>
<status status="PASS" start="2026-09-14T19:35:32.691600" elapsed="0.011408"/>
</kw>
<var name="${_}">6</var>
<status status="PASS" start="2026-09-14T19:35:32.690615" elapsed="0.012435"/>
</iter>
<iter>
<kw name="Withdraw Within Limit" owner="banking">
<kw name="Get Balance" owner="bank.BankLibrary">
<msg time="2026-09-14T19:35:32.703512" level="INFO">${balance} = 43</msg>
<var>${balance}</var>
<arg>${owner}</arg>
<doc>Returns the current balance of ``owner``.</doc>
<status status="PASS" start="2026-09-14T19:35:32.703429" elapsed="0.000094"/>
</kw>
<kw name="Get Limit" owner="bank.BankLibrary">
<msg time="2026-09-14T19:35:32.703689" level="INFO">${limit} = 100</msg>
<var>${limit}</var>
<arg>${owner}</arg>
<doc>Returns the overdraft limit of ``owner`` (always 0 for savings accounts).</doc>
<status status="PASS" start="2026-09-14T19:35:32.703628" elapsed="0.000070"/>
</kw>
<kw name="Evaluate" owner="BuiltIn">
<msg time="2026-09-14T19:35:32.703921" level="INFO">${available} = 143</msg>
<var>${available}</var>
<arg>${balance} + ${limit}</arg>
<doc>Evaluates the given expression in Python and returns the result.</doc>
<status status="PASS" start="2026-09-14T19:35:32.703735" elapsed="0.000196"/>
</kw>
<if>
<branch type="IF" condition="${amount} &gt; ${available}">
<kw name="Fail" owner="BuiltIn">
<arg>Withdrawal refused for ${owner}: overdraft limit exceeded.</arg>
<doc>Fails the test with the given message and optionally alters its tags.</doc>
<status status="NOT RUN" start="2026-09-14T19:35:32.704049" elapsed="0.000007"/>
</kw>
<status status="NOT RUN" start="2026-09-14T19:35:32.703971" elapsed="0.000098"/>
</branch>
<status status="PASS" start="2026-09-14T19:35:32.703955" elapsed="0.000125"/>
</if>
<kw name="Withdraw" owner="bank.BankLibrary">
<arg>${owner}</arg>
<arg>${amount}</arg>
<doc>Takes ``amount`` from the account of ``owner``. Fails if the overdraft limit would be exceeded.</doc>
<status status="PASS" start="2026-09-14T19:35:32.704109" elapsed="0.000067"/>
</kw>
<arg>dave</arg>
<arg>1</arg>
<doc>Withdraws ``amount`` unless it exceeds the balance plus the overdraft limit.</doc>
<status status="PASS" start="2026-09-14T19:35:32.703274" elapsed="0.000926"/>
</kw>
<kw name="Sleep" owner="BuiltIn">
<msg time="2026-09-14T19:35:32.716877" level="INFO">Slept 10 milliseconds.</msg>
<arg>10ms</arg>
<doc>Pauses the test executed for the given time.</doc>
<status status="PASS" start="2026-09-14T19:35:32.704234" elapsed="0.012689"/>
</kw>
<var name="${_}">7</var>
<status status="PASS" start="2026-09-14T19:35:32.703145" elapsed="0.013803"/>
</iter>
<iter>
<kw name="Withdraw Within Limit" owner="banking">
<kw name="Get Balance" owner="bank.BankLibrary">
<msg time="2026-09-14T19:35:32.717499" level="INFO">${balance} = 42</msg>
<var>${balance}</var>
<arg>${owner}</arg>
<doc>Returns the current balance of ``owner``.</doc>
<status status="PASS" start="2026-09-14T19:35:32.717281" elapsed="0.000232"/>
</kw>
<kw name="Get Limit" owner="bank.BankLibrary">
<msg time="2026-09-14T19:35:32.717632" level="INFO">${limit} = 100</msg>
<var>${limit}</var>
<arg>${owner}</arg>
<doc>Returns the overdraft limit of ``owner`` (always 0 for savings accounts).</doc>
<status status="PASS" start="2026-09-14T19:35:32.717560" elapsed="0.000083"/>
</kw>
<kw name="Evaluate" owner="BuiltIn">
<msg time="2026-09-14T19:35:32.717874" level="INFO">${available} = 142</msg>
<var>${available}</var>
<arg>${balance} + ${limit}</arg>
<doc>Evaluates the given expression in Python and returns the result.</doc>
<status status="PASS" start="2026-09-14T19:35:32.717686" elapsed="0.000200"/>
</kw>
<if>
<branch type="IF" condition="${amount} &gt; ${available}">
<kw name="Fail" owner="BuiltIn">
<arg>Withdrawal refused for ${owner}: overdraft limit exceeded.</arg>
<doc>Fails the test with the given message and optionally alters its tags.</doc>
<status status="NOT RUN" start="2026-09-14T19:35:32.718013" elapsed="0.000009"/>
</kw>
<status status="NOT RUN" start="2026-09-14T19:35:32.717926" elapsed="0.000113"/>
</branch>
<status status="PASS" start="2026-09-14T19:35:32.717914" elapsed="0.000141"/>
</if>
<kw name="Withdraw" owner="bank.BankLibrary">
<arg>${owner}</arg>
<arg>${amount}</arg>
<doc>Takes ``amount`` from the account of ``owner``. Fails if the overdraft limit would be exceeded.</doc>
<status status="PASS" start="2026-09-14T19:35:32.718089" elapsed="0.000078"/>
</kw>
<arg>dave</arg>
<arg>1</arg>
<doc>Withdraws ``amount`` unless it exceeds the balance plus the overdraft limit.</doc>
<status status="PASS" start="2026-09-14T19:35:32.717134" elapsed="0.001065"/>
</kw>
<kw name="Sleep" owner="BuiltIn">
<msg time="2026-09-14T19:35:32.729185" level="INFO">Slept 10 milliseconds.</msg>
<arg>10ms</arg>
<doc>Pauses the test executed for the given time.</doc>
<status status="PASS" start="2026-09-14T19:35:32.718238" elapsed="0.010995"/>
</kw>
<var name="${_}">8</var>
<status status="PASS" start="2026-09-14T19:35:32.717024" elapsed="0.012233"/>
</iter>
<iter>
<kw name="Withdraw Within Limit" owner="banking">
<kw name="Get Balance" owner="bank.BankLibrary">
<msg time="2026-09-14T19:35:32.729666" level="INFO">${balance} = 41</msg>
<var>${balance}</var>
<arg>${owner}</arg>
<doc>Returns the current balance of ``owner``.</doc>
<status status="PASS" start="2026-09-14T19:35:32.729581" elapsed="0.000098"/>
</kw>
<kw name="Get Limit" owner="bank.BankLibrary">
<msg time="2026-09-14T19:35:32.729789" level="INFO">${limit} = 100</msg>
<var>${limit}</var>
<arg>${owner}</arg>
<doc>Returns the overdraft limit of ``owner`` (always 0 for savings accounts).</doc>
<status status="PASS" start="2026-09-14T19:35:32.729723" elapsed="0.000077"/>
</kw>
<kw name="Evaluate" owner="BuiltIn">
<msg time="2026-09-14T19:35:32.730030" level="INFO">${available} = 141</msg>
<var>${available}</var>
<arg>${balance} + ${limit}</arg>
<doc>Evaluates the given expression in Python and returns the result.</doc>
<status status="PASS" start="2026-09-14T19:35:32.729846" elapsed="0.000197"/>
</kw>
<if>
<branch type="IF" condition="${amount} &gt; ${available}">
<kw name="Fail" owner="BuiltIn">
<arg>Withdrawal refused for ${owner}: overdraft limit exceeded.</arg>
<doc>Fails the test with the given message and optionally alters its tags.</doc>
<status status="NOT RUN" start="2026-09-14T19:35:32.730172" elapsed="0.000010"/>
</kw>
<status status="NOT RUN" start="2026-09-14T19:35:32.730081" elapsed="0.000117"/>
</branch>
<status status="PASS" start="2026-09-14T19:35:32.730070" elapsed="0.000141"/>
</if>
<kw name="Withdraw" owner="bank.BankLibrary">
<arg>${owner}</arg>
<arg>${amount}</arg>
<doc>Takes ``amount`` from the account of ``owner``. Fails if the overdraft limit would be exceeded.</doc>
<status status="PASS" start="2026-09-14T19:35:32.730249" elapsed="0.000081"/>
</kw>
<arg>dave</arg>
<arg>1</arg>
<doc>Withdraws ``amount`` unless it exceeds the balance plus the overdraft limit.</doc>
<status status="PASS" start="2026-09-14T19:35:32.729438" elapsed="0.000923"/>
</kw>
<kw name="Sleep" owner="BuiltIn">
<msg time="2026-09-14T19:35:32.742068" level="INFO">Slept 10 milliseconds.</msg>
<arg>10ms</arg>
<doc>Pauses the test executed for the given time.</doc>
<status status="PASS" start="2026-09-14T19:35:32.730406" elapsed="0.011684"/>
</kw>
<var name="${_}">9</var>
<status status="PASS" start="2026-09-14T19:35:32.729329" elapsed="0.012775"/>
</iter>
<iter>
<kw name="Withdraw Within Limit" owner="banking">
<kw name="Get Balance" owner="bank.BankLibrary">
<msg time="2026-09-14T19:35:32.742355" level="INFO">${balance} = 40</msg>
<var>${balance}</var>
<arg>${owner}</arg>
<doc>Returns the current balance of ``owner``.</doc>
<status status="PASS" start="2026-09-14T19:35:32.742305" elapsed="0.000059"/>
</kw>
<kw name="Get Limit" owner="bank.BankLibrary">
<msg time="2026-09-14T19:35:32.742436" level="INFO">${limit} = 100</msg>
<var>${limit}</var>
<arg>${owner}</arg>
<doc>Returns the overdraft limit of ``owner`` (always 0 for savings accounts).</doc>
<status status="PASS" start="2026-09-14T19:35:32.742391" elapsed="0.000052"/>
</kw>
<kw name="Evaluate" owner="BuiltIn">
<msg time="2026-09-14T19:35:32.742588" level="INFO">${available} = 140</msg>
<var>${available}</var>
<arg>${balance} + ${limit}</arg>
<doc>Evaluates the given expression in Python and returns the result.</doc>
<status status="PASS" start="2026-09-14T19:35:32.742475" elapsed="0.000121"/>
</kw>
<if>
<branch type="IF" condition="${amount} &gt; ${available}">
<kw name="Fail" owner="BuiltIn">
<arg>Withdrawal refused for ${owner}: overdraft limit exceeded.</arg>
<doc>Fails the test with the given message and optionally alters its tags.</doc>
<status status="NOT RUN" start="2026-09-14T19:35:32.742678" elapsed="0.000006"/>
</kw>
<status status="NOT RUN" start="2026-09-14T19:35:32.742620" elapsed="0.000116"/>
</branch>
<status status="PASS" start="2026-09-14T19:35:32.742613" elapsed="0.000133"/>
</if>
<kw name="Withdraw" owner="bank.BankLibrary">
<arg>${owner}</arg>
<arg>${amount}</arg>
<doc>Takes ``amount`` from the account of ``owner``. Fails if the overdraft limit would be exceeded.</doc>
<status status="PASS" start="2026-09-14T19:35:32.742772" elapsed="0.000053"/>
</kw>
<arg>dave</arg>
<arg>1</arg>
<doc>Withdraws ``amount`` unless it exceeds the balance plus the overdraft limit.</doc>
<status status="PASS" start="2026-09-14T19:35:32.742213" elapsed="0.000631"/>
</kw>
<kw name="Sleep" owner="BuiltIn">
<msg time="2026-09-14T19:35:32.755463" level="INFO">Slept 10 milliseconds.</msg>
<arg>10ms</arg>
<doc>Pauses the test executed for the given time.</doc>
<status status="PASS" start="2026-09-14T19:35:32.742874" elapsed="0.012606"/>
</kw>
<var name="${_}">10</var>
<status status="PASS" start="2026-09-14T19:35:32.742142" elapsed="0.013350"/>
</iter>
<iter>
<kw name="Withdraw Within Limit" owner="banking">
<kw name="Get Balance" owner="bank.BankLibrary">
<msg time="2026-09-14T19:35:32.755715" level="INFO">${balance} = 39</msg>
<var>${balance}</var>
<arg>${owner}</arg>
<doc>Returns the current balance of ``owner``.</doc>
<status status="PASS" start="2026-09-14T19:35:32.755666" elapsed="0.000057"/>
</kw>
<kw name="Get Limit" owner="bank.BankLibrary">
<msg time="2026-09-14T19:35:32.755795" level="INFO">${limit} = 100</msg>
<var>${limit}</var>
<arg>${owner}</arg>
<doc>Returns the overdraft limit of ``owner`` (always 0 for savings accounts).</doc>
<status status="PASS" start="2026-09-14T19:35:32.755751" elapsed="0.000051"/>
</kw>
<kw name="Evaluate" owner="BuiltIn">
<msg time="2026-09-14T19:35:32.755940" level="INFO">${available} = 139</msg>
<var>${available}</var>
<arg>${balance} + ${limit}</arg>
<doc>Evaluates the given expression in Python and returns the result.</doc>
<status status="PASS" start="2026-09-14T19:35:32.755832" elapsed="0.000116"/>
</kw>
<if>
<branch type="IF" condition="${amount} &gt; ${available}">
<kw name="Fail" owner="BuiltIn">
<arg>Withdrawal refused for ${owner}: overdraft limit exceeded.</arg>
<doc>Fails the test with the given message and optionally alters its tags.</doc>
<status status="NOT RUN" start="2026-09-14T19:35:32.756030" elapsed="0.000006"/>
</kw>
<status status="NOT RUN" start="2026-09-14T19:35:32.755971" elapsed="0.000076"/>
</branch>
<status status="PASS" start="2026-09-14T19:35:32.755965" elapsed="0.000090"/>
</if>
<kw name="Withdraw" owner="bank.BankLibrary">
<arg>${owner}</arg>
<arg>${amount}</arg>
<doc>Takes ``amount`` from the account of ``owner``. Fails if the overdraft limit would be exceeded.</doc>
<status status="PASS" start="2026-09-14T19:35:32.756079" elapsed="0.000052"/>
</kw>
<arg>dave</arg>
<arg>1</arg>
<doc>Withdraws ``amount`` unless it exceeds the balance plus the overdraft limit.</doc>
<status status="PASS" start="2026-09-14T19:35:32.755584" elapsed="0.000567"/>
</kw>
<kw name="Sleep" owner="BuiltIn">
<msg time="2026-09-14T19:35:32.766821" level="INFO">Slept 10 milliseconds.</msg>
<arg>10ms</arg>
<doc>Pauses the test executed for the given time.</doc>
<status status="PASS" start="2026-09-14T19:35:32.756179" elapsed="0.010690"/>
</kw>
<var name="${_}">11</var>
<status status="PASS" start="2026-09-14T19:35:32.755526" elapsed="0.011360"/>
</iter>
<iter>
<kw name="Withdraw Within Limit" owner="banking">
<kw name="Get Balance" owner="bank.BankLibrary">
<msg time="2026-09-14T19:35:32.767170" level="INFO">${balance} = 38</msg>
<var>${balance}</var>
<arg>${owner}</arg>
<doc>Returns the current balance of ``owner``.</doc>
<status status="PASS" start="2026-09-14T19:35:32.767115" elapsed="0.000063"/>
</kw>
<kw name="Get Limit" owner="bank.BankLibrary">
<msg time="2026-09-14T19:35:32.767256" level="INFO">${limit} = 100</msg>
<var>${limit}</var>
<arg>${owner}</arg>
<doc>Returns the overdraft limit of ``owner`` (always 0 for savings accounts).</doc>
<status status="PASS" start="2026-09-14T19:35:32.767207" elapsed="0.000056"/>
</kw>
<kw name="Evaluate" owner="BuiltIn">
<msg time="2026-09-14T19:35:32.767417" level="INFO">${available} = 138</msg>
<var>${available}</var>
<arg>${balance} + ${limit}</arg>
<doc>Evaluates the given expression in Python and returns the result.</doc>
<status status="PASS" start="2026-09-14T19:35:32.767293" elapsed="0.000132"/>
</kw>
<if>
<branch type="IF" condition="${amount} &gt; ${available}">
<kw name="Fail" owner="BuiltIn">
<arg>Withdrawal refused for ${owner}: overdraft limit exceeded.</arg>
<doc>Fails the test with the given message and optionally alters its tags.</doc>
<status status="NOT RUN" start="2026-09-14T19:35:32.767522" elapsed="0.000007"/>
</kw>
<status status="NOT RUN" start="2026-09-14T19:35:32.767450" elapsed="0.000090"/>
</branch>
<status status="PASS" start="2026-09-14T19:35:32.767443" elapsed="0.000106"/>
</if>
<kw name="Withdraw" owner="bank.BankLibrary">
<arg>${owner}</arg>
<arg>${amount}</arg>
<doc>Takes ``amount`` from the account of ``owner``. Fails if the overdraft limit would be exceeded.</doc>
<status status="PASS" start="2026-09-14T19:35:32.767574" elapsed="0.000054"/>
</kw>
<arg>dave</arg>
<arg>1</arg>
<doc>Withdraws ``amount`` unless it exceeds the balance plus the overdraft limit.</doc>
<status status="PASS" start="2026-09-14T19:35:32.767015" elapsed="0.000633"/>
</kw>
<kw name="Sleep" owner="BuiltIn">
<msg time="2026-09-14T19:35:32.780292" level="INFO">Slept 10 milliseconds.</msg>
<arg>10ms</arg>
<doc>Pauses the test executed for the given time.</doc>
<status status="PASS" start="2026-09-14T19:35:32.767677" elapsed="0.012678"/>
</kw>
<var name="${_}">12</var>
<status status="PASS" start="2026-09-14T19:35:32.766939" elapsed="0.013449"/>
</iter>
<iter>
<kw name="Withdraw Within Limit" owner="banking">
<kw name="Get Balance" owner="bank.BankLibrary">
<msg time="2026-09-14T19:35:32.781086" level="INFO">${balance} = 37</msg>
<var>${balance}</var>
<arg>${owner}</arg>
<doc>Returns the current balance of ``owner``.</doc>
<status status="PASS" start="2026-09-14T19:35:32.780966" elapsed="0.000139"/>
</kw>
<kw name="Get Limit" owner="bank.BankLibrary">
<msg time="2026-09-14T19:35:32.781260" level="INFO">${limit} = 100</msg>
<var>${limit}</var>
<arg>${owner}</arg>
<doc>Returns the overdraft limit of ``owner`` (always 0 for savings accounts).</doc>
<status status="PASS" start="2026-09-14T19:35:32.781167" elapsed="0.000107"/>
</kw>
<kw name="Evaluate" owner="BuiltIn">
<msg time="2026-09-14T19:35:32.781584" level="INFO">${available} = 137</msg>
<var>${available}</var>
<arg>${balance} + ${limit}</arg>
<doc>Evaluates the given expression in Python and returns the result.</doc>
<status status="PASS" start="2026-09-14T19:35:32.781332" elapsed="0.000268"/>
</kw>
<if>
<branch type="IF" condition="${amount} &gt; ${available}">
<kw name="Fail" owner="BuiltIn">
<arg>Withdrawal refused for ${owner}: overdraft limit exceeded.</arg>
<doc>Fails the test with the given message and optionally alters its tags.</doc>
<status status="NOT RUN" start="2026-09-14T19:35:32.781770" elapsed="0.000012"/>
</kw>
<status status="NOT RUN" start="2026-09-14T19:35:32.781651" elapsed="0.000153"/>
</branch>
<status status="PASS" start="2026-09-14T19:35:32.781636" elapsed="0.000184"/>
</if>
<kw name="Withdraw" owner="bank.BankLibrary">
<arg>${owner}</arg>
<arg>${amount}</arg>
<doc>Takes ``amount`` from the account of ``owner``. Fails if the overdraft limit would be exceeded.</doc>
<status status="PASS" start="2026-09-14T19:35:32.781866" elapsed="0.000104"/>
</kw>
<arg>dave</arg>
<arg>1</arg>
<doc>Withdraws ``amount`` unless it exceeds the balance plus the overdraft limit.</doc>
<status status="PASS" start="2026-09-14T19:35:32.780769" elapsed="0.001240"/>
</kw>
<kw name="Sleep" owner="BuiltIn">
<msg time="2026-09-14T19:35:32.794748" level="INFO">Slept 10 milliseconds.</msg>
<arg>10ms</arg>
<doc>Pauses the test executed for the given time.</doc>
<status status="PASS" start="2026-09-14T19:35:32.782063" elapsed="0.012738"/>
</kw>
<var name="${_}">13</var>
<status status="PASS" start="2026-09-14T19:35:32.780477" elapsed="0.014352"/>
</iter>
<iter>
<kw name="Withdraw Within Limit" owner="banking">
<kw name="Get Balance" owner="bank.BankLibrary">
<msg time="2026-09-14T19:35:32.795512" level="INFO">${balance} = 36</msg>
<var>${balance}</var>
<arg>${owner}</arg>
<doc>Returns the current balance of ``owner``.</doc>
<status status="PASS" start="2026-09-14T19:35:32.795312" elapsed="0.000236"/>
</kw>
<kw name="Get Limit" owner="bank.BankLibrary">
<msg time="2026-09-14T19:35:32.795876" level="INFO">${limit} = 100</msg>
<var>${limit}</var>
<arg>${owner}</arg>
<doc>Returns the overdraft limit of ``owner`` (always 0 for savings accounts).</doc>
<status status="PASS" start="2026-09-14T19:35:32.795646" elapsed="0.000251"/>
</kw>
<kw name="Evaluate" owner="BuiltIn">
<msg time="2026-09-14T19:35:32.796220" level="INFO">${available} = 136</msg>
<var>${available}</var>
<arg>${balance} + ${limit}</arg>
<doc>Evaluates the given expression in Python and returns the result.</doc>
<status status="PASS" start="2026-09-14T19:35:32.795984" elapsed="0.000255"/>
</kw>
<if>
<branch type="IF" condition="${amount} &gt; ${available}">
<kw name="Fail" owner="BuiltIn">
<arg>Withdrawal refused for ${owner}: overdraft limit exceeded.</arg>
<doc>Fails the test with the given message and optionally alters its tags.</doc>
<status status="NOT RUN" start="2026-09-14T19:35:32.796428" elapsed="0.000013"/>
</kw>
<status status="NOT RUN" start="2026-09-14T19:35:32.796295" elapsed="0.000167"/>
</branch>
<status status="PASS" start="2026-09-14T19:35:32.796280" elapsed="0.000200"/>
</if>
<kw name="Withdraw" owner="bank.BankLibrary">
<arg>${owner}</arg>
<arg>${amount}</arg>
<doc>Takes ``amount`` from the account of ``owner``. Fails if the overdraft limit would be exceeded.</doc>
<status status="PASS" start="2026-09-14T19:35:32.796525" elapsed="0.000111"/>
</kw>
<arg>dave</arg>
<arg>1</arg>
<doc>Withdraws ``amount`` unless it exceeds the balance plus the overdraft limit.</doc>
<status status="PASS" start="2026-09-14T19:35:32.795134" elapsed="0.001544"/>
</kw>
<kw name="Sleep" owner="BuiltIn">
<msg time="2026-09-14T19:35:32.809504" level="INFO">Slept 10 milliseconds.</msg>
<arg>10ms</arg>
<doc>Pauses the test executed for the given time.</doc>
<status status="PASS" start="2026-09-14T19:35:32.796736" elapsed="0.012938"/>
</kw>
<var name="${_}">14</var>
<status status="PASS" start="2026-09-14T19:35:32.794999" elapsed="0.015186"/>
</iter>
<iter>
<kw name="Withdraw Within Limit" owner="banking">
<kw name="Get Balance" owner="bank.BankLibrary">
<msg time="2026-09-14T19:35:32.811437" level="INFO">${balance} = 35</msg>
<var>${balance}</var>
<arg>${owner}</arg>
<doc>Returns the current balance of ``owner``.</doc>
<status status="PASS" start="2026-09-14T19:35:32.811310" elapsed="0.000146"/>
</kw>
<kw name="Get Limit" owner="bank.BankLibrary">
<msg time="2026-09-14T19:35:32.811585" level="INFO">${limit} = 100</msg>
<var>${limit}</var>
<arg>${owner}</arg>
<doc>Returns the overdraft limit of ``owner`` (always 0 for savings accounts).</doc>
<status status="PASS" start="2026-09-14T19:35:32.811511" elapsed="0.000086"/>
</kw>
<kw name="Evaluate" owner="BuiltIn">
<msg time="2026-09-14T19:35:32.811873" level="INFO">${available} = 135</msg>
<var>${available}</var>
<arg>${balance} + ${limit}</arg>
<doc>Evaluates the given expression in Python and returns the result.</doc>
<status status="PASS" start="2026-09-14T19:35:32.811642" elapsed="0.000243"/>
</kw>
<if>
<branch type="IF" condition="${amount} &gt; ${available}">
<kw name="Fail" owner="BuiltIn">
<arg>Withdrawal refused for ${owner}: overdraft limit exceeded.</arg>
<doc>Fails the test with the given message and optionally alters its tags.</doc>
<status status="NOT RUN" start="2026-09-14T19:35:32.812028" elapsed="0.000009"/>
</kw>
<status status="NOT RUN" start="2026-09-14T19:35:32.811931" elapsed="0.000122"/>
</branch>
<status status="PASS" start="2026-09-14T19:35:32.811916" elapsed="0.000150"/>
</if>
<kw name="Withdraw" owner="bank.BankLibrary">
<arg>${owner}</arg>
<arg>${amount}</arg>
<doc>Takes ``amount`` from the account of ``owner``. Fails if the overdraft limit would be exceeded.</doc>
<status status="PASS" start="2026-09-14T19:35:32.812102" elapsed="0.000082"/>
</kw>
<arg>dave</arg>
<arg>1</arg>
<doc>Withdraws ``amount`` unless it exceeds the balance plus the overdraft limit.</doc>
<status status="PASS" start="2026-09-14T19:35:32.810736" elapsed="0.001479"/>
</kw>
<kw name="Sleep" owner="BuiltIn">
<msg time="2026-09-14T19:35:32.824922" level="INFO">Slept 10 milliseconds.</msg>
<arg>10ms</arg>
<doc>Pauses the test executed for the given time.</doc>
<status status="PASS" start="2026-09-14T19:35:32.812259" elapsed="0.012738"/>
</kw>
<var name="${_}">15</var>
<status status="PASS" start="2026-09-14T19:35:32.810490" elapsed="0.014542"/>
</iter>
<iter>
<kw name="Withdraw Within Limit" owner="banking">
<kw name="Get Balance" owner="bank.BankLibrary">
<msg time="2026-09-14T19:35:32.825514" level="INFO">${balance} = 34</msg>
<var>${balance}</var>
<arg>${owner}</arg>
<doc>Returns the current balance of ``owner``.</doc>
<status status="PASS" start="2026-09-14T19:35:32.825421" elapsed="0.000106"/>
</kw>
<kw name="Get Limit" owner="bank.BankLibrary">
<msg time="2026-09-14T19:35:32.825645" level="INFO">${limit} = 100</msg>
<var>${limit}</var>
<arg>${owner}</arg>
<doc>Returns the overdraft limit of ``owner`` (always 0 for savings accounts).</doc>
<status status="PASS" start="2026-09-14T19:35:32.825570" elapsed="0.000086"/>
</kw>
<kw name="Evaluate" owner="BuiltIn">
<msg time="2026-09-14T19:35:32.825903" level="INFO">${available} = 134</msg>
<var>${available}</var>
<arg>${balance} + ${limit}</arg>
<doc>Evaluates the given expression in Python and returns the result.</doc>
<status status="PASS" start="2026-09-14T19:35:32.825700" elapsed="0.000215"/>
</kw>
<if>
<branch type="IF" condition="${amount} &gt; ${available}">
<kw name="Fail" owner="BuiltIn">
<arg>Withdrawal refused for ${owner}: overdraft limit exceeded.</arg>
<doc>Fails the test with the given message and optionally alters its tags.</doc>
<status status="NOT RUN" start="2026-09-14T19:35:32.826040" elapsed="0.000009"/>
</kw>
<status status="NOT RUN" start="2026-09-14T19:35:32.825953" elapsed="0.000113"/>
</branch>
<status status="PASS" start="2026-09-14T19:35:32.825941" elapsed="0.000136"/>
</if>
<kw name="Withdraw" owner="bank.BankLibrary">
<arg>${owner}</arg>
<arg>${amount}</arg>
<doc>Takes ``amount`` from the account of ``owner``. Fails if the overdraft limit would be exceeded.</doc>
<status status="PASS" start="2026-09-14T19:35:32.826111" elapsed="0.000077"/>
</kw>
<arg>dave</arg>
<arg>1</arg>
<doc>Withdraws ``amount`` unless it exceeds the balance plus the overdraft limit.</doc>
<status status="PASS" start="2026-09-14T19:35:32.825259" elapsed="0.000956"/>
</kw>
<kw name="Sleep" owner="BuiltIn">
<msg time="2026-09-14T19:35:32.837119" level="INFO">Slept 10 milliseconds.</msg>
<arg>10ms</arg>
<doc>Pauses the test executed for the given time.</doc>
<status status="PASS" start="2026-09-14T19:35:32.826254" elapsed="0.010899"/>
</kw>
<var name="${_}">16</var>
<status status="PASS" start="2026-09-14T19:35:32.825125" elapsed="0.012050"/>
</iter>
<iter>
<kw name="Withdraw Within Limit" owner="banking">
<kw name="Get Balance" owner="bank.BankLibrary">
<msg time="2026-09-14T19:35:32.837621" level="INFO">${balance} = 33</msg>
<var>${balance}</var>
<arg>${owner}</arg>
<doc>Returns the current balance of ``owner``.</doc>
<status status="PASS" start="2026-09-14T19:35:32.837517" elapsed="0.000120"/>
</kw>
<kw name="Get Limit" owner="bank.BankLibrary">
<msg time="2026-09-14T19:35:32.837778" level="INFO">${limit} = 100</msg>
<var>${limit}</var>
<arg>${owner}</arg>
<doc>Returns the overdraft limit of ``owner`` (always 0 for savings accounts).</doc>
<status status="PASS" start="2026-09-14T19:35:32.837691" elapsed="0.000102"/>
</kw>
<kw name="Evaluate" owner="BuiltIn">
<msg time="2026-09-14T19:35:32.838216" level="INFO">${available} = 133</msg>
<var>${available}</var>
<arg>${balance} + ${limit}</arg>
<doc>Evaluates the given expression in Python and returns the result.</doc>
<status status="PASS" start="2026-09-14T19:35:32.837850" elapsed="0.000383"/>
</kw>
<if>
<branch type="IF" condition="${amount} &gt; ${available}">
<kw name="Fail" owner="BuiltIn">
<arg>Withdrawal refused for ${owner}: overdraft limit exceeded.</arg>
<doc>Fails the test with the given message and optionally alters its tags.</doc>
<status status="NOT RUN" start="2026-09-14T19:35:32.838460" elapsed="0.000012"/>
</kw>
<status status="NOT RUN" start="2026-09-14T19:35:32.838346" elapsed="0.000147"/>
</branch>
<status status="PASS" start="2026-09-14T19:35:32.838332" elapsed="0.000177"/>
</if>
<kw name="Withdraw" owner="bank.BankLibrary">
<arg>${owner}</arg>
<arg>${amount}</arg>
<doc>Takes ``amount`` from the account of ``owner``. Fails if the overdraft limit would be exceeded.</doc>
<status status="PASS" start="2026-09-14T19:35:32.838553" elapsed="0.000100"/>
</kw>
<arg>dave</arg>
<arg>1</arg>
<doc>Withdraws ``amount`` unless it exceeds the balance plus the overdraft limit.</doc>
<status status="PASS" start="2026-09-14T19:35:32.837361" elapsed="0.001329"/>
</kw>
<kw name="Sleep" owner="BuiltIn">
<msg time="2026-09-14T19:35:32.851403" level="INFO">Slept 10 milliseconds.</msg>
<arg>10ms</arg>
<doc>Pauses the test executed for the given time.</doc>
<status status="PASS" start="2026-09-14T19:35:32.838742" elapsed="0.012688"/>
</kw>
<var name="${_}">17</var>
<status status="PASS" start="2026-09-14T19:35:32.837241" elapsed="0.014204"/>
</iter>
<iter>
<kw name="Withdraw Within Limit" owner="banking">
<kw name="Get Balance" owner="bank.BankLibrary">
<msg time="2026-09-14T19:35:32.851701" level="INFO">${balance} = 32</msg>
<var>${balance}</var>
<arg>${owner}</arg>
<doc>Returns the current balance of ``owner``.</doc>
<status status="PASS" start="2026-09-14T19:35:32.851647" elapsed="0.000063"/>
</kw>
<kw name="Get Limit" owner="bank.BankLibrary">
<msg time="2026-09-14T19:35:32.851788" level="INFO">${limit} = 100</msg>
<var>${limit}</var>
<arg>${owner}</arg>
<doc>Returns the overdraft limit of ``owner`` (always 0 for savings accounts).</doc>
<status status="PASS" start="2026-09-14T19:35:32.851740" elapsed="0.000056"/>
</kw>
<kw name="Evaluate" owner="BuiltIn">
<msg time="2026-09-14T19:35:32.851949" level="INFO">${available} = 132</msg>
<var>${available}</var>
<arg>${balance} + ${limit}</arg>
<doc>Evaluates the given expression in Python and returns the result.</doc>
<status status="PASS" start="2026-09-14T19:35:32.851828" elapsed="0.000130"/>
</kw>
<if>
<branch type="IF" condition="${amount} &gt; ${available}">
<kw name="Fail" owner="BuiltIn">
<arg>Withdrawal refused for ${owner}: overdraft limit exceeded.</arg>
<doc>Fails the test with the given message and optionally alters its tags.</doc>
<status status="NOT RUN" start="2026-09-14T19:35:32.852044" elapsed="0.000006"/>
</kw>
<status status="NOT RUN" start="2026-09-14T19:35:32.851983" elapsed="0.000078"/>
</branch>
<status status="PASS" start="2026-09-14T19:35:32.851976" elapsed="0.000094"/>
</if>
<kw name="Withdraw" owner="bank.BankLibrary">
<arg>${owner}</arg>
<arg>${amount}</arg>
<doc>Takes ``amount`` from the account of ``owner``. Fails if the overdraft limit would be exceeded.</doc>
<status status="PASS" start="2026-09-14T19:35:32.852093" elapsed="0.000054"/>
</kw>
<arg>dave</arg>
<arg>1</arg>
<doc>Withdraws ``amount`` unless it exceeds the balance plus the overdraft limit.</doc>
<status status="PASS" start="2026-09-14T19:35:32.851554" elapsed="0.000613"/>
</kw>
<kw name="Sleep" owner="BuiltIn">
<msg time="2026-09-14T19:35:32.864792" level="INFO">Slept 10 milliseconds.</msg>
<arg>10ms</arg>
<doc>Pauses the test executed for the given time.</doc>
<status status="PASS" start="2026-09-14T19:35:32.852197" elapsed="0.012616"/>
</kw>
<var name="${_}">18</var>
<status status="PASS" start="2026-09-14T19:35:32.851486" elapsed="0.013342"/>
</iter>
<iter>
<kw name="Withdraw Within Limit" owner="banking">
<kw name="Get Balance" owner="bank.BankLibrary">
<msg time="2026-09-14T19:35:32.865096" level="INFO">${balance} = 31</msg>
<var>${balance}</var>
<arg>${owner}</arg>
<doc>Returns the current balance of ``owner``.</doc>
<status status="PASS" start="2026-09-14T19:35:32.865036" elapsed="0.000070"/>
</kw>
<kw name="Get Limit" owner="bank.BankLibrary">
<msg time="2026-09-14T19:35:32.865193" level="INFO">${limit} = 100</msg>
<var>${limit}</var>
<arg>${owner}</arg>
<doc>Returns the overdraft limit of ``owner`` (always 0 for savings accounts).</doc>
<status status="PASS" start="2026-09-14T19:35:32.865140" elapsed="0.000062"/>
</kw>
<kw name="Evaluate" owner="BuiltIn">
<msg time="2026-09-14T19:35:32.865367" level="INFO">${available} = 131</msg>
<var>${available}</var>
<arg>${balance} + ${limit}</arg>
<doc>Evaluates the given expression in Python and returns the result.</doc>
<status status="PASS" start="2026-09-14T19:35:32.865238" elapsed="0.000139"/>
</kw>
<if>
<branch type="IF" condition="${amount} &gt; ${available}">
<kw name="Fail" owner="BuiltIn">
<arg>Withdrawal refused for ${owner}: overdraft limit exceeded.</arg>
<doc>Fails the test with the given message and optionally alters its tags.</doc>
<status status="NOT RUN" start="2026-09-14T19:35:32.865475" elapsed="0.000008"/>
</kw>
<status status="NOT RUN" start="2026-09-14T19:35:32.865407" elapsed="0.000089"/>
</branch>
<status status="PASS" start="2026-09-14T19:35:32.865398" elapsed="0.000108"/>
</if>
<kw name="Withdraw" owner="bank.BankLibrary">
<arg>${owner}</arg>
<arg>${amount}</arg>
<doc>Takes ``amount`` from the account of ``owner``. Fails if the overdraft limit would be exceeded.</doc>
<status status="PASS" start="2026-09-14T19:35:32.865536" elapsed="0.000063"/>
</kw>
<arg>dave</arg>
<arg>1</arg>
<doc>Withdraws ``amount`` unless it exceeds the balance plus the overdraft limit.</doc>
<status status="PASS" start="2026-09-14T19:35:32.864938" elapsed="0.000685"/>
</kw>
<kw name="Sleep" owner="BuiltIn">
<msg time="2026-09-14T19:35:32.878144" level="INFO">Slept 10 milliseconds.</msg>
<arg>10ms</arg>
<doc>Pauses the test executed for the given time.</doc>
<status status="PASS" start="2026-09-14T19:35:32.865657" elapsed="0.012549"/>
</kw>
<var name="${_}">19</var>
<status status="PASS" start="2026-09-14T19:35:32.864867" elapsed="0.013375"/>
</iter>
<iter>
<kw name="Withdraw Within Limit" owner="banking">
<kw name="Get Balance" owner="bank.BankLibrary">
<msg time="2026-09-14T19:35:32.878837" level="INFO">${balance} = 30</msg>
<var>${balance}</var>
<arg>${owner}</arg>
<doc>Returns the current balance of ``owner``.</doc>
<status status="PASS" start="2026-09-14T19:35:32.878705" elapsed="0.000153"/>
</kw>
<kw name="Get Limit" owner="bank.BankLibrary">
<msg time="2026-09-14T19:35:32.879029" level="INFO">${limit} = 100</msg>
<var>${limit}</var>
<arg>${owner}</arg>
<doc>Returns the overdraft limit of ``owner`` (always 0 for savings accounts).</doc>
<status status="PASS" start="2026-09-14T19:35:32.878927" elapsed="0.000119"/>
</kw>
<kw name="Evaluate" owner="BuiltIn">
<msg time="2026-09-14T19:35:32.879392" level="INFO">${available} = 130</msg>
<var>${available}</var>
<arg>${balance} + ${limit}</arg>
<doc>Evaluates the given expression in Python and returns the result.</doc>
<status status="PASS" start="2026-09-14T19:35:32.879114" elapsed="0.000296"/>
</kw>
<if>
<branch type="IF" condition="${amount} &gt; ${available}">
<kw name="Fail" owner="BuiltIn">
<arg>Withdrawal refused for ${owner}: overdraft limit exceeded.</arg>
<doc>Fails the test with the given message and optionally alters its tags.</doc>
<status status="NOT RUN" start="2026-09-14T19:35:32.879597" elapsed="0.000015"/>
</kw>
<status status="NOT RUN" start="2026-09-14T19:35:32.879465" elapsed="0.000172"/>
</branch>
<status status="PASS" start="2026-09-14T19:35:32.879450" elapsed="0.000205"/>
</if>
<kw name="Withdraw" owner="bank.BankLibrary">
<arg>${owner}</arg>
<arg>${amount}</arg>
<doc>Takes ``amount`` from the account of ``owner``. Fails if the overdraft limit would be exceeded.</doc>
<status status="PASS" start="2026-09-14T19:35:32.879709" elapsed="0.000117"/>
</kw>
<arg>dave</arg>
<arg>1</arg>
<doc>Withdraws ``amount`` unless it exceeds the balance plus the overdraft limit.</doc>
<status status="PASS" start="2026-09-14T19:35:32.878491" elapsed="0.001378"/>
</kw>
<kw name="Sleep" owner="BuiltIn">
<msg time="2026-09-14T19:35:32.892700" level="INFO">Slept 10 milliseconds.</msg>
<arg>10ms</arg>
<doc>Pauses the test executed for the given time.</doc>
<status status="PASS" start="2026-09-14T19:35:32.879933" elapsed="0.012789"/>
</kw>
<var name="${_}">20</var>
<status status="PASS" start="2026-09-14T19:35:32.878335" elapsed="0.014400"/>
</iter>
<iter>
<kw name="Withdraw Within Limit" owner="banking">
<kw name="Get Balance" owner="bank.BankLibrary">
<msg time="2026-09-14T19:35:32.892983" level="INFO">${balance} = 29</msg>
<var>${balance}</var>
<arg>${owner}</arg>
<doc>Returns the current balance of ``owner``.</doc>
<status status="PASS" start="2026-09-14T19:35:32.892931" elapsed="0.000061"/>
</kw>
<kw name="Get Limit" owner="bank.BankLibrary">
<msg time="2026-09-14T19:35:32.893066" level="INFO">${limit} = 100</msg>
<var>${limit}</var>
<arg>${owner}</arg>
<doc>Returns the overdraft limit of ``owner`` (always 0 for savings accounts).</doc>
<status status="PASS" start="2026-09-14T19:35:32.893020" elapsed="0.000054"/>
</kw>
<kw name="Evaluate" owner="BuiltIn">
<msg time="2026-09-14T19:35:32.893225" level="INFO">${available} = 129</msg>
<var>${available}</var>
<arg>${balance} + ${limit}</arg>
<doc>Evaluates the given expression in Python and returns the result.</doc>
<status status="PASS" start="2026-09-14T19:35:32.893105" elapsed="0.000129"/>
</kw>
<if>
<branch type="IF" condition="${amount} &gt; ${available}">
<kw name="Fail" owner="BuiltIn">
<arg>Withdrawal refused for ${owner}: overdraft limit exceeded.</arg>
<doc>Fails the test with the given message and optionally alters its tags.</doc>
<status status="NOT RUN" start="2026-09-14T19:35:32.893322" elapsed="0.000007"/>
</kw>
<status status="NOT RUN" start="2026-09-14T19:35:32.893259" elapsed="0.000082"/>
</branch>
<status status="PASS" start="2026-09-14T19:35:32.893252" elapsed="0.000097"/>
</if>
<kw name="Withdraw" owner="bank.BankLibrary">
<arg>${owner}</arg>
<arg>${amount}</arg>
<doc>Takes ``amount`` from the account of ``owner``. Fails if the overdraft limit would be exceeded.</doc>
<status status="PASS" start="2026-09-14T19:35:32.893373" elapsed="0.000053"/>
</kw>
<arg>dave</arg>
<arg>1</arg>
<doc>Withdraws ``amount`` unless it exceeds the balance plus the overdraft limit.</doc>
<status status="PASS" start="2026-09-14T19:35:32.892841" elapsed="0.000606"/>
</kw>
<kw name="Sleep" owner="BuiltIn">
<msg time="2026-09-14T19:35:32.906073" level="INFO">Slept 10 milliseconds.</msg>
<arg>10ms</arg>
<doc>Pauses the test executed for the given time.</doc>
<status status="PASS" start="2026-09-14T19:35:32.893481" elapsed="0.012614"/>
</kw>
<var name="${_}">21</var>
<status status="PASS" start="2026-09-14T19:35:32.892776" elapsed="0.013334"/>
</iter>
<iter>
<kw name="Withdraw Within Limit" owner="banking">
<kw name="Get Balance" owner="bank.BankLibrary">
<msg time="2026-09-14T19:35:32.906717" level="INFO">${balance} = 28</msg>
<var>${balance}</var>
<arg>${owner}</arg>
<doc>Returns the current balance of ``owner``.</doc>
<status status="PASS" start="2026-09-14T19:35:32.906606" elapsed="0.000128"/>
</kw>
<kw name="Get Limit" owner="bank.BankLibrary">
<msg time="2026-09-14T19:35:32.906895" level="INFO">${limit} = 100</msg>
<var>${limit}</var>
<arg>${owner}</arg>
<doc>Returns the overdraft limit of ``owner`` (always 0 for savings accounts).</doc>
<status status="PASS" start="2026-09-14T19:35:32.906793" elapsed="0.000118"/>
</kw>
<kw name="Evaluate" owner="BuiltIn">
<msg time="2026-09-14T19:35:32.907201" level="INFO">${available} = 128</msg>
<var>${available}</var>
<arg>${balance} + ${limit}</arg>
<doc>Evaluates the given expression in Python and returns the result.</doc>
<status status="PASS" start="2026-09-14T19:35:32.906972" elapsed="0.000249"/>
</kw>
<if>
<branch type="IF" condition="${amount} &gt; ${available}">
<kw name="Fail" owner="BuiltIn">
<arg>Withdrawal refused for ${owner}: overdraft limit exceeded.</arg>
<doc>Fails the test with the given message and optionally alters its tags.</doc>
<status status="NOT RUN" start="2026-09-14T19:35:32.907392" elapsed="0.000015"/>
</kw>
<status status="NOT RUN" start="2026-09-14T19:35:32.907272" elapsed="0.000159"/>
</branch>
<status status="PASS" start="2026-09-14T19:35:32.907258" elapsed="0.000191"/>
</if>
<kw name="Withdraw" owner="bank.BankLibrary">
<arg>${owner}</arg>
<arg>${amount}</arg>
<doc>Takes ``amount`` from the account of ``owner``. Fails if the overdraft limit would be exceeded.</doc>
<status status="PASS" start="2026-09-14T19:35:32.907499" elapsed="0.000109"/>
</kw>
<arg>dave</arg>
<arg>1</arg>
<doc>Withdraws ``amount`` unless it exceeds the balance plus the overdraft limit.</doc>
<status status="PASS" start="2026-09-14T19:35:32.906224" elapsed="0.001425"/>
</kw>
<kw name="Sleep" owner="BuiltIn">
<msg time="2026-09-14T19:35:32.917918" level="INFO">Slept 10 milliseconds.</msg>
<arg>10ms</arg>
<doc>Pauses the test executed for the given time.</doc>
<status status="PASS" start="2026-09-14T19:35:32.907709" elapsed="0.010271"/>
</kw>
<var name="${_}">22</var>
<status status="PASS" start="2026-09-14T19:35:32.906152" elapsed="0.011864"/>
</iter>
<iter>
<kw name="Withdraw Within Limit" owner="banking">
<kw name="Get Balance" owner="bank.BankLibrary">
<msg time="2026-09-14T19:35:32.918402" level="INFO">${balance} = 27</msg>
<var>${balance}</var>
<arg>${owner}</arg>
<doc>Returns the current balance of ``owner``.</doc>
<status status="PASS" start="2026-09-14T19:35:32.918339" elapsed="0.000073"/>
</kw>
<kw name="Get Limit" owner="bank.BankLibrary">
<msg time="2026-09-14T19:35:32.918494" level="INFO">${limit} = 100</msg>
<var>${limit}</var>
<arg>${owner}</arg>
<doc>Returns the overdraft limit of ``owner`` (always 0 for savings accounts).</doc>
<status status="PASS" start="2026-09-14T19:35:32.918445" elapsed="0.000057"/>
</kw>
<kw name="Evaluate" owner="BuiltIn">
<msg time="2026-09-14T19:35:32.918669" level="INFO">${available} = 127</msg>
<var>${available}</var>
<arg>${balance} + ${limit}</arg>
<doc>Evaluates the given expression in Python and returns the result.</doc>
<status status="PASS" start="2026-09-14T19:35:32.918533" elapsed="0.000145"/>
</kw>
<if>
<branch type="IF" condition="${amount} &gt; ${available}">
<kw name="Fail" owner="BuiltIn">
<arg>Withdrawal refused for ${owner}: overdraft limit exceeded.</arg>
<doc>Fails the test with the given message and optionally alters its tags.</doc>
<status status="NOT RUN" start="2026-09-14T19:35:32.918770" elapsed="0.000007"/>
</kw>
<status status="NOT RUN" start="2026-09-14T19:35:32.918705" elapsed="0.000083"/>
</branch>
<status status="PASS" start="2026-09-14T19:35:32.918697" elapsed="0.000100"/>
</if>
<kw name="Withdraw" owner="bank.BankLibrary">
<arg>${owner}</arg>
<arg>${amount}</arg>
<doc>Takes ``amount`` from the account of ``owner``. Fails if the overdraft limit would be exceeded.</doc>
<status status="PASS" start="2026-09-14T19:35:32.918823" elapsed="0.000058"/>
</kw>
<arg>dave</arg>
<arg>1</arg>
<doc>Withdraws ``amount`` unless it exceeds the balance plus the overdraft limit.</doc>
<status status="PASS" start="2026-09-14T19:35:32.918235" elapsed="0.000668"/>
</kw>
<kw name="Sleep" owner="BuiltIn">
<msg time="2026-09-14T19:35:32.932053" level="INFO">Slept 10 milliseconds.</msg>
<arg>10ms</arg>
<doc>Pauses the test executed for the given time.</doc>
<status status="PASS" start="2026-09-14T19:35:32.918935" elapsed="0.013207"/>
</kw>
<var name="${_}">23</var>
<status status="PASS" start="2026-09-14T19:35:32.918113" elapsed="0.014065"/>
</iter>
<iter>
<kw name="Withdraw Within Limit" owner="banking">
<kw name="Get Balance" owner="bank.BankLibrary">
<msg time="2026-09-14T19:35:32.932681" level="INFO">${balance} = 26</msg>
<var>${balance}</var>
<arg>${owner}</arg>
<doc>Returns the current balance of ``owner``.</doc>
<status status="PASS" start="2026-09-14T19:35:32.932591" elapsed="0.000102"/>
</kw>
<kw name="Get Limit" owner="bank.BankLibrary">
<msg time="2026-09-14T19:35:32.932786" level="INFO">${limit} = 100</msg>
<var>${limit}</var>
<arg>${owner}</arg>
<doc>Returns the overdraft limit of ``owner`` (always 0 for savings accounts).</doc>
<status status="PASS" start="2026-09-14T19:35:32.932731" elapsed="0.000063"/>
</kw>
<kw name="Evaluate" owner="BuiltIn">
<msg time="2026-09-14T19:35:32.933125" level="INFO">${available} = 126</msg>
<var>${available}</var>
<arg>${balance} + ${limit}</arg>
<doc>Evaluates the given expression in Python and returns the result.</doc>
<status status="PASS" start="2026-09-14T19:35:32.932934" elapsed="0.000201"/>
</kw>
<if>
<branch type="IF" condition="${amount} &gt; ${available}">
<kw name="Fail" owner="BuiltIn">
<arg>Withdrawal refused for ${owner}: overdraft limit exceeded.</arg>
<doc>Fails the test with the given message and optionally alters its tags.</doc>
<status status="NOT RUN" start="2026-09-14T19:35:32.933243" elapsed="0.000007"/>
</kw>
<status status="NOT RUN" start="2026-09-14T19:35:32.933172" elapsed="0.000090"/>
</branch>
<status status="PASS" start="2026-09-14T19:35:32.933158" elapsed="0.000116"/>
</if>
<kw name="Withdraw" owner="bank.BankLibrary">
<arg>${owner}</arg>
<arg>${amount}</arg>
<doc>Takes ``amount`` from the account of ``owner``. Fails if the overdraft limit would be exceeded.</doc>
<status status="PASS" start="2026-09-14T19:35:32.933302" elapsed="0.000065"/>
</kw>
<arg>dave</arg>
<arg>1</arg>
<doc>Withdraws ``amount`` unless it exceeds the balance plus the overdraft limit.</doc>
<status status="PASS" start="2026-09-14T19:35:32.932422" elapsed="0.000968"/>
</kw>
<kw name="Sleep" owner="BuiltIn">
<msg time="2026-09-14T19:35:32.949651" level="INFO">Slept 10 milliseconds.</msg>
<arg>10ms</arg>
<doc>Pauses the test executed for the given time.</doc>
<status status="PASS" start="2026-09-14T19:35:32.933422" elapsed="0.016263"/>
</kw>
<var name="${_}">24</var>
<status status="PASS" start="2026-09-14T19:35:32.932280" elapsed="0.017424"/>
</iter>
<iter>
<kw name="Withdraw Within Limit" owner="banking">
<kw name="Get Balance" owner="bank.BankLibrary">
<msg time="2026-09-14T19:35:32.956857" level="INFO">${balance} = 25</msg>
<var>${balance}</var>
<arg>${owner}</arg>
<doc>Returns the current balance of ``owner``.</doc>
<status status="PASS" start="2026-09-14T19:35:32.954770" elapsed="0.002126"/>
</kw>
<kw name="Get Limit" owner="bank.BankLibrary">
<msg time="2026-09-14T19:35:32.957105" level="INFO">${limit} = 100</msg>
<var>${limit}</var>
<arg>${owner}</arg>
<doc>Returns the overdraft limit of ``owner`` (always 0 for savings accounts).</doc>
<status status="PASS" start="2026-09-14T19:35:32.956983" elapsed="0.000136"/>
</kw>
<kw name="Evaluate" owner="BuiltIn">
<msg time="2026-09-14T19:35:32.960315" level="INFO">${available} = 125</msg>
<var>${available}</var>
<arg>${balance} + ${limit}</arg>
<doc>Evaluates the given expression in Python and returns the result.</doc>
<status status="PASS" start="2026-09-14T19:35:32.959674" elapsed="0.001062"/>
</kw>
<if>
<branch type="IF" condition="${amount} &gt; ${available}">
<kw name="Fail" owner="BuiltIn">
<arg>Withdrawal refused for ${owner}: overdraft limit exceeded.</arg>
<doc>Fails the test with the given message and optionally alters its tags.</doc>
<status status="NOT RUN" start="2026-09-14T19:35:32.962711" elapsed="0.000204"/>
</kw>
<status status="NOT RUN" start="2026-09-14T19:35:32.960842" elapsed="0.002101"/>
</branch>
<status status="PASS" start="2026-09-14T19:35:32.960820" elapsed="0.002139"/>
</if>
<kw name="Withdraw" owner="bank.BankLibrary">
<arg>${owner}</arg>
<arg>${amount}</arg>
<doc>Takes ``amount`` from the account of ``owner``. Fails if the overdraft limit would be exceeded.</doc>
<status status="PASS" start="2026-09-14T19:35:32.963023" elapsed="0.000114"/>
</kw>
<arg>dave</arg>
<arg>1</arg>
<doc>Withdraws ``amount`` unless it exceeds the balance plus the overdraft limit.</doc>
<status status="PASS" start="2026-09-14T19:35:32.951925" elapsed="0.011244"/>
</kw>
<kw name="Sleep" owner="BuiltIn">
<msg time="2026-09-14T19:35:32.975920" level="INFO">Slept 10 milliseconds.</msg>
<arg>10ms</arg>
<doc>Pauses the test executed for the given time.</doc>
<status status="PASS" start="2026-09-14T19:35:32.963214" elapsed="0.012847"/>
</kw>
<var name="${_}">25</var>
<status status="PASS" start="2026-09-14T19:35:32.951445" elapsed="0.024662"/>
</iter>
<iter>
<kw name="Withdraw Within Limit" owner="banking">
<kw name="Get Balance" owner="bank.BankLibrary">
<msg time="2026-09-14T19:35:32.976690" level="INFO">${balance} = 24</msg>
<var>${balance}</var>
<arg>${owner}</arg>
<doc>Returns the current balance of ``owner``.</doc>
<status status="PASS" start="2026-09-14T19:35:32.976586" elapsed="0.000120"/>
</kw>
<kw name="Get Limit" owner="bank.BankLibrary">
<msg time="2026-09-14T19:35:32.976825" level="INFO">${limit} = 100</msg>
<var>${limit}</var>
<arg>${owner}</arg>
<doc>Returns the overdraft limit of ``owner`` (always 0 for savings accounts).</doc>
<status status="PASS" start="2026-09-14T19:35:32.976754" elapsed="0.000084"/>
</kw>
<kw name="Evaluate" owner="BuiltIn">
<msg time="2026-09-14T19:35:32.977097" level="INFO">${available} = 124</msg>
<var>${available}</var>
<arg>${balance} + ${limit}</arg>
<doc>Evaluates the given expression in Python and returns the result.</doc>
<status status="PASS" start="2026-09-14T19:35:32.976888" elapsed="0.000220"/>
</kw>
<if>
<branch type="IF" condition="${amount} &gt; ${available}">
<kw name="Fail" owner="BuiltIn">
<arg>Withdrawal refused for ${owner}: overdraft limit exceeded.</arg>
<doc>Fails the test with the given message and optionally alters its tags.</doc>
<status status="NOT RUN" start="2026-09-14T19:35:32.977224" elapsed="0.000009"/>
</kw>
<status status="NOT RUN" start="2026-09-14T19:35:32.977146" elapsed="0.000100"/>
</branch>
<status status="PASS" start="2026-09-14T19:35:32.977134" elapsed="0.000124"/>
</if>
<kw name="Withdraw" owner="bank.BankLibrary">
<arg>${owner}</arg>
<arg>${amount}</arg>
<doc>Takes ``amount`` from the account of ``owner``. Fails if the overdraft limit would be exceeded.</doc>
<status status="PASS" start="2026-09-14T19:35:32.977289" elapsed="0.000337"/>
</kw>
<arg>dave</arg>
<arg>1</arg>
<doc>Withdraws ``amount`` unless it exceeds the balance plus the overdraft limit.</doc>
<status status="PASS" start="2026-09-14T19:35:32.976398" elapsed="0.001280"/>
</kw>
<kw name="Sleep" owner="BuiltIn">
<msg time="2026-09-14T19:35:32.990396" level="INFO">Slept 10 milliseconds.</msg>
<arg>10ms</arg>
<doc>Pauses the test executed for the given time.</doc>
<status status="PASS" start="2026-09-14T19:35:32.977741" elapsed="0.012784"/>
</kw>
<var name="${_}">26</var>
[...]
</kw>
<kw name="Sleep" owner="BuiltIn">
<msg time="2026-09-14T19:35:33.211532" level="INFO">Slept 10 milliseconds.</msg>
<arg>10ms</arg>
<doc>Pauses the test executed for the given time.</doc>
<status status="PASS" start="2026-09-14T19:35:33.198851" elapsed="0.012751"/>
</kw>
<var name="${_}">42</var>
<status status="PASS" start="2026-09-14T19:35:33.197598" elapsed="0.014043"/>
</iter>
<iter>
<kw name="Withdraw Within Limit" owner="banking">
<kw name="Get Balance" owner="bank.BankLibrary">
<msg time="2026-09-14T19:35:33.212191" level="INFO">${balance} = 7</msg>
<var>${balance}</var>
<arg>${owner}</arg>
<doc>Returns the current balance of ``owner``.</doc>
<status status="PASS" start="2026-09-14T19:35:33.212075" elapsed="0.000133"/>
</kw>
<kw name="Get Limit" owner="bank.BankLibrary">
<msg time="2026-09-14T19:35:33.212345" level="INFO">${limit} = 100</msg>
<var>${limit}</var>
<arg>${owner}</arg>
<doc>Returns the overdraft limit of ``owner`` (always 0 for savings accounts).</doc>
<status status="PASS" start="2026-09-14T19:35:33.212265" elapsed="0.000094"/>
</kw>
<kw name="Evaluate" owner="BuiltIn">
<msg time="2026-09-14T19:35:33.212666" level="INFO">${available} = 107</msg>
<var>${available}</var>
<arg>${balance} + ${limit}</arg>
<doc>Evaluates the given expression in Python and returns the result.</doc>
<status status="PASS" start="2026-09-14T19:35:33.212411" elapsed="0.000270"/>
</kw>
<if>
<branch type="IF" condition="${amount} &gt; ${available}">
<kw name="Fail" owner="BuiltIn">
<arg>Withdrawal refused for ${owner}: overdraft limit exceeded.</arg>
<doc>Fails the test with the given message and optionally alters its tags.</doc>
<status status="NOT RUN" start="2026-09-14T19:35:33.212852" elapsed="0.000012"/>
</kw>
<status status="NOT RUN" start="2026-09-14T19:35:33.212727" elapsed="0.000156"/>
</branch>
<status status="PASS" start="2026-09-14T19:35:33.212714" elapsed="0.000184"/>
</if>
<kw name="Withdraw" owner="bank.BankLibrary">
<arg>${owner}</arg>
<arg>${amount}</arg>
<doc>Takes ``amount`` from the account of ``owner``. Fails if the overdraft limit would be exceeded.</doc>
<status status="PASS" start="2026-09-14T19:35:33.212940" elapsed="0.000096"/>
</kw>
<arg>dave</arg>
<arg>1</arg>
<doc>Withdraws ``amount`` unless it exceeds the balance plus the overdraft limit.</doc>
<status status="PASS" start="2026-09-14T19:35:33.211883" elapsed="0.001188"/>
</kw>
<kw name="Sleep" owner="BuiltIn">
<msg time="2026-09-14T19:35:33.225183" level="INFO">Slept 10 milliseconds.</msg>
<arg>10ms</arg>
<doc>Pauses the test executed for the given time.</doc>
<status status="PASS" start="2026-09-14T19:35:33.213129" elapsed="0.012130"/>
</kw>
<var name="${_}">43</var>
<status status="PASS" start="2026-09-14T19:35:33.211743" elapsed="0.013550"/>
</iter>
<iter>
<kw name="Withdraw Within Limit" owner="banking">
<kw name="Get Balance" owner="bank.BankLibrary">
<msg time="2026-09-14T19:35:33.225851" level="INFO">${balance} = 6</msg>
<var>${balance}</var>
<arg>${owner}</arg>
<doc>Returns the current balance of ``owner``.</doc>
<status status="PASS" start="2026-09-14T19:35:33.225737" elapsed="0.000131"/>
</kw>
<kw name="Get Limit" owner="bank.BankLibrary">
<msg time="2026-09-14T19:35:33.226006" level="INFO">${limit} = 100</msg>
<var>${limit}</var>
<arg>${owner}</arg>
<doc>Returns the overdraft limit of ``owner`` (always 0 for savings accounts).</doc>
<status status="PASS" start="2026-09-14T19:35:33.225924" elapsed="0.000096"/>
</kw>
<kw name="Evaluate" owner="BuiltIn">
<msg time="2026-09-14T19:35:33.226330" level="INFO">${available} = 106</msg>
<var>${available}</var>
<arg>${balance} + ${limit}</arg>
<doc>Evaluates the given expression in Python and returns the result.</doc>
<status status="PASS" start="2026-09-14T19:35:33.226073" elapsed="0.000272"/>
</kw>
<if>
<branch type="IF" condition="${amount} &gt; ${available}">
<kw name="Fail" owner="BuiltIn">
<arg>Withdrawal refused for ${owner}: overdraft limit exceeded.</arg>
<doc>Fails the test with the given message and optionally alters its tags.</doc>
<status status="NOT RUN" start="2026-09-14T19:35:33.226510" elapsed="0.000013"/>
</kw>
<status status="NOT RUN" start="2026-09-14T19:35:33.226395" elapsed="0.000147"/>
</branch>
<status status="PASS" start="2026-09-14T19:35:33.226379" elapsed="0.000178"/>
</if>
<kw name="Withdraw" owner="bank.BankLibrary">
<arg>${owner}</arg>
<arg>${amount}</arg>
<doc>Takes ``amount`` from the account of ``owner``. Fails if the overdraft limit would be exceeded.</doc>
<status status="PASS" start="2026-09-14T19:35:33.226599" elapsed="0.000101"/>
</kw>
<arg>dave</arg>
<arg>1</arg>
<doc>Withdraws ``amount`` unless it exceeds the balance plus the overdraft limit.</doc>
<status status="PASS" start="2026-09-14T19:35:33.225544" elapsed="0.001192"/>
</kw>
<kw name="Sleep" owner="BuiltIn">
<msg time="2026-09-14T19:35:33.238996" level="INFO">Slept 10 milliseconds.</msg>
<arg>10ms</arg>
<doc>Pauses the test executed for the given time.</doc>
<status status="PASS" start="2026-09-14T19:35:33.226788" elapsed="0.012294"/>
</kw>
<var name="${_}">44</var>
<status status="PASS" start="2026-09-14T19:35:33.225394" elapsed="0.013772"/>
</iter>
<iter>
<kw name="Withdraw Within Limit" owner="banking">
<kw name="Get Balance" owner="bank.BankLibrary">
<msg time="2026-09-14T19:35:33.239902" level="INFO">${balance} = 5</msg>
<var>${balance}</var>
<arg>${owner}</arg>
<doc>Returns the current balance of ``owner``.</doc>
<status status="PASS" start="2026-09-14T19:35:33.239831" elapsed="0.000081"/>
</kw>
<kw name="Get Limit" owner="bank.BankLibrary">
<msg time="2026-09-14T19:35:33.239998" level="INFO">${limit} = 100</msg>
<var>${limit}</var>
<arg>${owner}</arg>
<doc>Returns the overdraft limit of ``owner`` (always 0 for savings accounts).</doc>
<status status="PASS" start="2026-09-14T19:35:33.239945" elapsed="0.000062"/>
</kw>
<kw name="Evaluate" owner="BuiltIn">
<msg time="2026-09-14T19:35:33.240194" level="INFO">${available} = 105</msg>
<var>${available}</var>
<arg>${balance} + ${limit}</arg>
<doc>Evaluates the given expression in Python and returns the result.</doc>
<status status="PASS" start="2026-09-14T19:35:33.240038" elapsed="0.000167"/>
</kw>
<if>
<branch type="IF" condition="${amount} &gt; ${available}">
<kw name="Fail" owner="BuiltIn">
<arg>Withdrawal refused for ${owner}: overdraft limit exceeded.</arg>
<doc>Fails the test with the given message and optionally alters its tags.</doc>
<status status="NOT RUN" start="2026-09-14T19:35:33.240303" elapsed="0.000006"/>
</kw>
<status status="NOT RUN" start="2026-09-14T19:35:33.240236" elapsed="0.000085"/>
</branch>
<status status="PASS" start="2026-09-14T19:35:33.240225" elapsed="0.000106"/>
</if>
<kw name="Withdraw" owner="bank.BankLibrary">
<arg>${owner}</arg>
<arg>${amount}</arg>
<doc>Takes ``amount`` from the account of ``owner``. Fails if the overdraft limit would be exceeded.</doc>
<status status="PASS" start="2026-09-14T19:35:33.240357" elapsed="0.000060"/>
</kw>
<arg>dave</arg>
<arg>1</arg>
<doc>Withdraws ``amount`` unless it exceeds the balance plus the overdraft limit.</doc>
<status status="PASS" start="2026-09-14T19:35:33.239338" elapsed="0.001101"/>
</kw>
<kw name="Sleep" owner="BuiltIn">
<msg time="2026-09-14T19:35:33.252915" level="INFO">Slept 10 milliseconds.</msg>
<arg>10ms</arg>
<doc>Pauses the test executed for the given time.</doc>
<status status="PASS" start="2026-09-14T19:35:33.240470" elapsed="0.012467"/>
</kw>
<var name="${_}">45</var>
<status status="PASS" start="2026-09-14T19:35:33.239240" elapsed="0.013711"/>
</iter>
<iter>
<kw name="Withdraw Within Limit" owner="banking">
<kw name="Get Balance" owner="bank.BankLibrary">
<msg time="2026-09-14T19:35:33.253208" level="INFO">${balance} = 4</msg>
<var>${balance}</var>
<arg>${owner}</arg>
<doc>Returns the current balance of ``owner``.</doc>
<status status="PASS" start="2026-09-14T19:35:33.253153" elapsed="0.000064"/>
</kw>
<kw name="Get Limit" owner="bank.BankLibrary">
<msg time="2026-09-14T19:35:33.253299" level="INFO">${limit} = 100</msg>
<var>${limit}</var>
<arg>${owner}</arg>
<doc>Returns the overdraft limit of ``owner`` (always 0 for savings accounts).</doc>
<status status="PASS" start="2026-09-14T19:35:33.253247" elapsed="0.000060"/>
</kw>
<kw name="Evaluate" owner="BuiltIn">
<msg time="2026-09-14T19:35:33.253461" level="INFO">${available} = 104</msg>
<var>${available}</var>
<arg>${balance} + ${limit}</arg>
<doc>Evaluates the given expression in Python and returns the result.</doc>
<status status="PASS" start="2026-09-14T19:35:33.253339" elapsed="0.000131"/>
</kw>
<if>
<branch type="IF" condition="${amount} &gt; ${available}">
<kw name="Fail" owner="BuiltIn">
<arg>Withdrawal refused for ${owner}: overdraft limit exceeded.</arg>
<doc>Fails the test with the given message and optionally alters its tags.</doc>
<status status="NOT RUN" start="2026-09-14T19:35:33.253560" elapsed="0.000007"/>
</kw>
<status status="NOT RUN" start="2026-09-14T19:35:33.253498" elapsed="0.000081"/>
</branch>
<status status="PASS" start="2026-09-14T19:35:33.253490" elapsed="0.000099"/>
</if>
<kw name="Withdraw" owner="bank.BankLibrary">
<arg>${owner}</arg>
<arg>${amount}</arg>
<doc>Takes ``amount`` from the account of ``owner``. Fails if the overdraft limit would be exceeded.</doc>
<status status="PASS" start="2026-09-14T19:35:33.253615" elapsed="0.000057"/>
</kw>
<arg>dave</arg>
<arg>1</arg>
<doc>Withdraws ``amount`` unless it exceeds the balance plus the overdraft limit.</doc>
<status status="PASS" start="2026-09-14T19:35:33.253062" elapsed="0.000633"/>
</kw>
<kw name="Sleep" owner="BuiltIn">
<msg time="2026-09-14T19:35:33.266334" level="INFO">Slept 10 milliseconds.</msg>
<arg>10ms</arg>
<doc>Pauses the test executed for the given time.</doc>
<status status="PASS" start="2026-09-14T19:35:33.253725" elapsed="0.012637"/>
</kw>
<var name="${_}">46</var>
<status status="PASS" start="2026-09-14T19:35:33.252992" elapsed="0.013384"/>
</iter>
<iter>
<kw name="Withdraw Within Limit" owner="banking">
<kw name="Get Balance" owner="bank.BankLibrary">
<msg time="2026-09-14T19:35:33.266625" level="INFO">${balance} = 3</msg>
<var>${balance}</var>
<arg>${owner}</arg>
<doc>Returns the current balance of ``owner``.</doc>
<status status="PASS" start="2026-09-14T19:35:33.266574" elapsed="0.000059"/>
</kw>
<kw name="Get Limit" owner="bank.BankLibrary">
<msg time="2026-09-14T19:35:33.266706" level="INFO">${limit} = 100</msg>
<var>${limit}</var>
<arg>${owner}</arg>
<doc>Returns the overdraft limit of ``owner`` (always 0 for savings accounts).</doc>
<status status="PASS" start="2026-09-14T19:35:33.266661" elapsed="0.000054"/>
</kw>
<kw name="Evaluate" owner="BuiltIn">
<msg time="2026-09-14T19:35:33.266934" level="INFO">${available} = 103</msg>
<var>${available}</var>
<arg>${balance} + ${limit}</arg>
<doc>Evaluates the given expression in Python and returns the result.</doc>
<status status="PASS" start="2026-09-14T19:35:33.266746" elapsed="0.000201"/>
</kw>
<if>
<branch type="IF" condition="${amount} &gt; ${available}">
<kw name="Fail" owner="BuiltIn">
<arg>Withdrawal refused for ${owner}: overdraft limit exceeded.</arg>
<doc>Fails the test with the given message and optionally alters its tags.</doc>
<status status="NOT RUN" start="2026-09-14T19:35:33.267055" elapsed="0.000008"/>
</kw>
<status status="NOT RUN" start="2026-09-14T19:35:33.266981" elapsed="0.000095"/>
</branch>
<status status="PASS" start="2026-09-14T19:35:33.266972" elapsed="0.000114"/>
</if>
<kw name="Withdraw" owner="bank.BankLibrary">
<arg>${owner}</arg>
<arg>${amount}</arg>
<doc>Takes ``amount`` from the account of ``owner``. Fails if the overdraft limit would be exceeded.</doc>
<status status="PASS" start="2026-09-14T19:35:33.267114" elapsed="0.000069"/>
</kw>
<arg>dave</arg>
<arg>1</arg>
<doc>Withdraws ``amount`` unless it exceeds the balance plus the overdraft limit.</doc>
<status status="PASS" start="2026-09-14T19:35:33.266486" elapsed="0.000719"/>
</kw>
<kw name="Sleep" owner="BuiltIn">
<msg time="2026-09-14T19:35:33.279856" level="INFO">Slept 10 milliseconds.</msg>
<arg>10ms</arg>
<doc>Pauses the test executed for the given time.</doc>
<status status="PASS" start="2026-09-14T19:35:33.267238" elapsed="0.012666"/>
</kw>
<var name="${_}">47</var>
<status status="PASS" start="2026-09-14T19:35:33.266420" elapsed="0.013510"/>
</iter>
<iter>
<kw name="Withdraw Within Limit" owner="banking">
<kw name="Get Balance" owner="bank.BankLibrary">
<msg time="2026-09-14T19:35:33.280494" level="INFO">${balance} = 2</msg>
<var>${balance}</var>
<arg>${owner}</arg>
<doc>Returns the current balance of ``owner``.</doc>
<status status="PASS" start="2026-09-14T19:35:33.280310" elapsed="0.000225"/>
</kw>
<kw name="Get Limit" owner="bank.BankLibrary">
<msg time="2026-09-14T19:35:33.280761" level="INFO">${limit} = 100</msg>
<var>${limit}</var>
<arg>${owner}</arg>
<doc>Returns the overdraft limit of ``owner`` (always 0 for savings accounts).</doc>
<status status="PASS" start="2026-09-14T19:35:33.280627" elapsed="0.000149"/>
</kw>
<kw name="Evaluate" owner="BuiltIn">
<msg time="2026-09-14T19:35:33.281076" level="INFO">${available} = 102</msg>
<var>${available}</var>
<arg>${balance} + ${limit}</arg>
<doc>Evaluates the given expression in Python and returns the result.</doc>
<status status="PASS" start="2026-09-14T19:35:33.280836" elapsed="0.000256"/>
</kw>
<if>
<branch type="IF" condition="${amount} &gt; ${available}">
<kw name="Fail" owner="BuiltIn">
<arg>Withdrawal refused for ${owner}: overdraft limit exceeded.</arg>
<doc>Fails the test with the given message and optionally alters its tags.</doc>
<status status="NOT RUN" start="2026-09-14T19:35:33.281360" elapsed="0.000013"/>
</kw>
<status status="NOT RUN" start="2026-09-14T19:35:33.281234" elapsed="0.000163"/>
</branch>
<status status="PASS" start="2026-09-14T19:35:33.281218" elapsed="0.000195"/>
</if>
<kw name="Withdraw" owner="bank.BankLibrary">
<arg>${owner}</arg>
<arg>${amount}</arg>
<doc>Takes ``amount`` from the account of ``owner``. Fails if the overdraft limit would be exceeded.</doc>
<status status="PASS" start="2026-09-14T19:35:33.281463" elapsed="0.000114"/>
</kw>
<arg>dave</arg>
<arg>1</arg>
<doc>Withdraws ``amount`` unless it exceeds the balance plus the overdraft limit.</doc>
<status status="PASS" start="2026-09-14T19:35:33.280137" elapsed="0.001479"/>
</kw>
<kw name="Sleep" owner="BuiltIn">
<msg time="2026-09-14T19:35:33.294434" level="INFO">Slept 10 milliseconds.</msg>
<arg>10ms</arg>
<doc>Pauses the test executed for the given time.</doc>
<status status="PASS" start="2026-09-14T19:35:33.281672" elapsed="0.012861"/>
</kw>
<var name="${_}">48</var>
<status status="PASS" start="2026-09-14T19:35:33.280010" elapsed="0.014581"/>
</iter>
<iter>
<kw name="Withdraw Within Limit" owner="banking">
<kw name="Get Balance" owner="bank.BankLibrary">
<msg time="2026-09-14T19:35:33.295309" level="INFO">${balance} = 1</msg>
<var>${balance}</var>
<arg>${owner}</arg>
<doc>Returns the current balance of ``owner``.</doc>
<status status="PASS" start="2026-09-14T19:35:33.295156" elapsed="0.000173"/>
</kw>
<kw name="Get Limit" owner="bank.BankLibrary">
<msg time="2026-09-14T19:35:33.295494" level="INFO">${limit} = 100</msg>
<var>${limit}</var>
<arg>${owner}</arg>
<doc>Returns the overdraft limit of ``owner`` (always 0 for savings accounts).</doc>
<status status="PASS" start="2026-09-14T19:35:33.295396" elapsed="0.000114"/>
</kw>
<kw name="Evaluate" owner="BuiltIn">
<msg time="2026-09-14T19:35:33.295811" level="INFO">${available} = 101</msg>
<var>${available}</var>
<arg>${balance} + ${limit}</arg>
<doc>Evaluates the given expression in Python and returns the result.</doc>
<status status="PASS" start="2026-09-14T19:35:33.295575" elapsed="0.000254"/>
</kw>
<if>
<branch type="IF" condition="${amount} &gt; ${available}">
<kw name="Fail" owner="BuiltIn">
<arg>Withdrawal refused for ${owner}: overdraft limit exceeded.</arg>
<doc>Fails the test with the given message and optionally alters its tags.</doc>
<status status="NOT RUN" start="2026-09-14T19:35:33.296005" elapsed="0.000014"/>
</kw>
<status status="NOT RUN" start="2026-09-14T19:35:33.295881" elapsed="0.000161"/>
</branch>
<status status="PASS" start="2026-09-14T19:35:33.295866" elapsed="0.000194"/>
</if>
<kw name="Withdraw" owner="bank.BankLibrary">
<arg>${owner}</arg>
<arg>${amount}</arg>
<doc>Takes ``amount`` from the account of ``owner``. Fails if the overdraft limit would be exceeded.</doc>
<status status="PASS" start="2026-09-14T19:35:33.296112" elapsed="0.000287"/>
</kw>
<arg>dave</arg>
<arg>1</arg>
<doc>Withdraws ``amount`` unless it exceeds the balance plus the overdraft limit.</doc>
<status status="PASS" start="2026-09-14T19:35:33.294918" elapsed="0.001524"/>
</kw>
<kw name="Sleep" owner="BuiltIn">
<msg time="2026-09-14T19:35:33.309240" level="INFO">Slept 10 milliseconds.</msg>
<arg>10ms</arg>
<doc>Pauses the test executed for the given time.</doc>
<status status="PASS" start="2026-09-14T19:35:33.296504" elapsed="0.012828"/>
</kw>
<var name="${_}">49</var>
<status status="PASS" start="2026-09-14T19:35:33.294734" elapsed="0.014643"/>
</iter>
<var>${_}</var>
<value>50</value>
<status status="PASS" start="2026-09-14T19:35:32.609411" elapsed="0.700000"/>
</for>
<kw name="Balance Should Be" owner="bank.BankLibrary">
<arg>dave</arg>
<arg>0</arg>
<doc>Fails unless the balance of ``owner`` equals ``expected``.</doc>
<status status="PASS" start="2026-09-14T19:35:33.309533" elapsed="0.000143"/>
</kw>
<tag>regression</tag>
<tag>slow</tag>
<status status="PASS" start="2026-09-14T19:35:32.608730" elapsed="0.701059"/>
</test>
<test id="s1-s1-s2-t6" name="Monthly Interest Is Credited" line="40">
<kw name="Open Funded Account" owner="banking">
<kw name="Open Account" owner="bank.BankLibrary">
<arg>${owner}</arg>
<arg>type=${type}</arg>
<doc>Opens an empty account for ``owner``.</doc>
<status status="PASS" start="2026-09-14T19:35:33.310517" elapsed="0.000280"/>
</kw>
<kw name="Deposit" owner="bank.BankLibrary">
<arg>${owner}</arg>
<arg>${amount}</arg>
<doc>Adds ``amount`` to the account of ``owner``.</doc>
<status status="PASS" start="2026-09-14T19:35:33.310873" elapsed="0.000124"/>
</kw>
<arg>erin</arg>
<arg>1000</arg>
<arg>type=savings</arg>
<doc>Opens an account for ``owner`` and deposits ``amount``.</doc>
<status status="PASS" start="2026-09-14T19:35:33.310270" elapsed="0.000775"/>
</kw>
<kw name="Skip" owner="BuiltIn">
<msg time="2026-09-14T19:35:33.311339" level="SKIP">Interest calculation is not implemented yet.</msg>
<arg>Interest calculation is not implemented yet.</arg>
<doc>Skips the rest of the current test.</doc>
<status status="SKIP" start="2026-09-14T19:35:33.311114" elapsed="0.000298">Interest calculation is not implemented yet.</status>
</kw>
<tag>regression</tag>
<tag>wip</tag>
<status status="SKIP" start="2026-09-14T19:35:33.309954" elapsed="0.001617">Interest calculation is not implemented yet.</status>
</test>
<doc>Overdraft rules: checking accounts may go below zero up to their limit, savings accounts may not.</doc>
<status status="PASS" start="2026-09-14T19:35:32.602034" elapsed="0.709803"/>
</suite>
<status status="PASS" start="2026-09-14T19:35:32.593484" elapsed="0.718863"/>
</suite>
<status status="PASS" start="2026-09-14T19:35:32.580534" elapsed="0.732145"/>
</suite>
<statistics>
<total>
<stat pass="8" fail="0" skip="1">All Tests</stat>
</total>
<tag>
<stat pass="5" fail="0" skip="1">regression</stat>
<stat pass="1" fail="0" skip="0">slow</stat>
<stat pass="4" fail="0" skip="0">smoke</stat>
<stat pass="0" fail="0" skip="1">wip</stat>
</tag>
<suite>
<stat name="Tests" id="s1" pass="8" fail="0" skip="1">Tests</stat>
<stat name="Accounts" id="s1-s1" pass="8" fail="0" skip="1">Tests.Accounts</stat>
<stat name="Basics" id="s1-s1-s1" pass="3" fail="0" skip="0">Tests.Accounts.Basics</stat>
<stat name="Overdraft" id="s1-s1-s2" pass="5" fail="0" skip="1">Tests.Accounts.Overdraft</stat>
</suite>
</statistics>
<errors>
</errors>
</robot>
